TN:
SF:src\routes.js
FN:6,<static_initializer>
FN:10,RouterOutlet
FN:24,render
FNF:3
FNH:3
FNDA:2,<static_initializer>
FNDA:6,RouterOutlet
FNDA:8,render
DA:1,2
DA:2,2
DA:3,2
DA:4,2
DA:5,2
DA:6,2
DA:7,2
DA:8,2
DA:9,2
DA:10,2
DA:11,6
DA:12,6
DA:13,6
DA:14,6
DA:15,0
DA:16,0
DA:17,6
DA:18,6
DA:19,6
DA:20,0
DA:21,0
DA:22,6
DA:23,2
DA:24,2
DA:25,8
DA:26,6
DA:27,8
DA:28,1
DA:29,1
DA:30,1
DA:31,1
DA:32,1
DA:33,1
DA:34,1
DA:35,1
DA:36,0
DA:37,0
DA:38,8
DA:39,2
DA:40,2
DA:41,2
LF:41
LH:35
BRDA:1,0,0,2
BRDA:6,1,0,2
BRDA:10,2,0,6
BRDA:19,3,0,0
BRDA:24,4,0,8
BRDA:25,5,0,2
BRDA:25,6,0,6
BRDA:27,7,0,2
BRDA:27,8,0,2
BRDA:35,9,0,0
BRF:10
BRH:8
end_of_record
TN:
SF:src\components\app-container.js
FN:7,<static_initializer>
FN:43,render
FNF:2
FNH:2
FNDA:1,<static_initializer>
FNDA:3,render
DA:1,1
DA:2,1
DA:3,1
DA:4,1
DA:5,1
DA:6,1
DA:7,1
DA:8,1
DA:9,1
DA:10,1
DA:11,1
DA:12,1
DA:13,1
DA:14,1
DA:15,1
DA:16,1
DA:17,1
DA:18,1
DA:19,1
DA:20,1
DA:21,1
DA:22,1
DA:23,1
DA:24,1
DA:25,1
DA:26,1
DA:27,1
DA:28,1
DA:29,1
DA:30,1
DA:31,1
DA:32,1
DA:33,1
DA:34,1
DA:35,1
DA:36,1
DA:37,1
DA:38,1
DA:39,1
DA:40,1
DA:41,1
DA:42,1
DA:43,1
DA:44,3
DA:45,3
DA:46,3
DA:47,3
DA:48,3
DA:49,3
DA:50,3
DA:51,3
DA:52,3
DA:53,3
DA:54,3
DA:55,3
DA:56,3
DA:57,3
DA:58,3
DA:59,3
DA:60,3
DA:61,3
DA:62,1
DA:63,1
DA:64,1
LF:64
LH:64
BRDA:1,0,0,1
BRDA:7,1,0,1
BRDA:43,2,0,3
BRF:3
BRH:3
end_of_record
TN:
SF:src\components\navigation-menu.js
FN:6,<static_initializer>
FN:116,NavigationMenu
FN:121,connectedCallback
FN:129,disconnectedCallback
FN:135,updateCurrentPath
FN:140,navigateTo
FN:151,switchLanguage
FN:157,render
FNF:8
FNH:7
FNDA:2,<static_initializer>
FNDA:6,NavigationMenu
FNDA:6,connectedCallback
FNDA:6,disconnectedCallback
FNDA:6,updateCurrentPath
FNDA:0,navigateTo
FNDA:1,switchLanguage
FNDA:9,render
DA:1,2
DA:2,2
DA:3,2
DA:4,2
DA:5,2
DA:6,2
DA:7,2
DA:8,2
DA:9,2
DA:10,2
DA:11,2
DA:12,2
DA:13,2
DA:14,2
DA:15,2
DA:16,2
DA:17,2
DA:18,2
DA:19,2
DA:20,2
DA:21,2
DA:22,2
DA:23,2
DA:24,2
DA:25,2
DA:26,2
DA:27,2
DA:28,2
DA:29,2
DA:30,2
DA:31,2
DA:32,2
DA:33,2
DA:34,2
DA:35,2
DA:36,2
DA:37,2
DA:38,2
DA:39,2
DA:40,2
DA:41,2
DA:42,2
DA:43,2
DA:44,2
DA:45,2
DA:46,2
DA:47,2
DA:48,2
DA:49,2
DA:50,2
DA:51,2
DA:52,2
DA:53,2
DA:54,2
DA:55,2
DA:56,2
DA:57,2
DA:58,2
DA:59,2
DA:60,2
DA:61,2
DA:62,2
DA:63,2
DA:64,2
DA:65,2
DA:66,2
DA:67,2
DA:68,2
DA:69,2
DA:70,2
DA:71,2
DA:72,2
DA:73,2
DA:74,2
DA:75,2
DA:76,2
DA:77,2
DA:78,2
DA:79,2
DA:80,2
DA:81,2
DA:82,2
DA:83,2
DA:84,2
DA:85,2
DA:86,2
DA:87,2
DA:88,2
DA:89,2
DA:90,2
DA:91,2
DA:92,2
DA:93,2
DA:94,2
DA:95,2
DA:96,2
DA:97,2
DA:98,2
DA:99,2
DA:100,2
DA:101,2
DA:102,2
DA:103,2
DA:104,2
DA:105,2
DA:106,2
DA:107,2
DA:108,2
DA:109,2
DA:110,2
DA:111,2
DA:112,2
DA:113,2
DA:114,2
DA:115,2
DA:116,2
DA:117,6
DA:118,6
DA:119,6
DA:120,2
DA:121,2
DA:122,6
DA:123,6
DA:124,6
DA:125,6
DA:126,6
DA:127,6
DA:128,2
DA:129,2
DA:130,6
DA:131,6
DA:132,6
DA:133,6
DA:134,2
DA:135,2
DA:136,6
DA:137,6
DA:138,6
DA:139,2
DA:140,2
DA:141,0
DA:142,0
DA:143,0
DA:144,0
DA:145,0
DA:146,0
DA:147,0
DA:148,0
DA:149,0
DA:150,2
DA:151,2
DA:152,1
DA:153,1
DA:154,1
DA:155,1
DA:156,2
DA:157,2
DA:158,9
DA:159,9
DA:160,9
DA:161,9
DA:162,9
DA:163,9
DA:164,9
DA:165,9
DA:166,9
DA:167,9
DA:168,9
DA:169,9
DA:170,1
DA:171,9
DA:172,9
DA:173,9
DA:174,9
DA:175,9
DA:176,9
DA:177,9
DA:178,9
DA:179,9
DA:180,9
DA:181,9
DA:182,9
DA:183,9
DA:184,9
DA:185,9
DA:186,9
DA:187,9
DA:188,9
DA:189,9
DA:190,9
DA:191,9
DA:192,9
DA:193,9
DA:194,9
DA:195,9
DA:196,9
DA:197,9
DA:198,9
DA:199,9
DA:200,9
DA:201,9
DA:202,9
DA:203,2
DA:204,2
DA:205,2
LF:205
LH:196
BRDA:1,0,0,2
BRDA:6,1,0,2
BRDA:116,2,0,6
BRDA:121,3,0,6
BRDA:129,4,0,6
BRDA:135,5,0,6
BRDA:157,6,0,9
BRDA:169,7,0,1
BRDA:172,8,0,1
BRDA:179,9,0,1
BRDA:188,10,0,1
BRDA:194,11,0,1
BRDA:151,12,0,2
BRDA:171,13,0,8
BRDA:179,14,0,8
BRDA:188,15,0,8
BRDA:194,16,0,8
BRDA:193,17,0,4
BRF:18
BRH:18
end_of_record
TN:
SF:src\components\common\confirmation-dialog.js
FN:4,<static_initializer>
FN:83,ConfirmationDialog
FN:90,cancel
FN:94,proceed
FN:104,render
FNF:5
FNH:5
FNDA:5,<static_initializer>
FNDA:8,ConfirmationDialog
FNDA:1,cancel
FNDA:1,proceed
FNDA:8,render
DA:1,5
DA:2,5
DA:3,5
DA:4,5
DA:5,5
DA:6,5
DA:7,5
DA:8,5
DA:9,5
DA:10,5
DA:11,5
DA:12,5
DA:13,5
DA:14,5
DA:15,5
DA:16,5
DA:17,5
DA:18,5
DA:19,5
DA:20,5
DA:21,5
DA:22,5
DA:23,5
DA:24,5
DA:25,5
DA:26,5
DA:27,5
DA:28,5
DA:29,5
DA:30,5
DA:31,5
DA:32,5
DA:33,5
DA:34,5
DA:35,5
DA:36,5
DA:37,5
DA:38,5
DA:39,5
DA:40,5
DA:41,5
DA:42,5
DA:43,5
DA:44,5
DA:45,5
DA:46,5
DA:47,5
DA:48,5
DA:49,5
DA:50,5
DA:51,5
DA:52,5
DA:53,5
DA:54,5
DA:55,5
DA:56,5
DA:57,5
DA:58,5
DA:59,5
DA:60,5
DA:61,5
DA:62,5
DA:63,5
DA:64,5
DA:65,5
DA:66,5
DA:67,5
DA:68,5
DA:69,5
DA:70,5
DA:71,5
DA:72,5
DA:73,5
DA:74,5
DA:75,5
DA:76,5
DA:77,5
DA:78,5
DA:79,5
DA:80,5
DA:81,5
DA:82,5
DA:83,5
DA:84,8
DA:85,8
DA:86,8
DA:87,8
DA:88,8
DA:89,5
DA:90,5
DA:91,1
DA:92,1
DA:93,5
DA:94,5
DA:95,1
DA:96,1
DA:97,1
DA:98,1
DA:99,1
DA:100,1
DA:101,1
DA:102,1
DA:103,5
DA:104,5
DA:105,8
DA:106,7
DA:107,7
DA:108,7
DA:109,7
DA:110,7
DA:111,7
DA:112,7
DA:113,7
DA:114,7
DA:115,7
DA:116,7
DA:117,7
DA:118,7
DA:119,7
DA:120,7
DA:121,7
DA:122,7
DA:123,8
DA:124,5
DA:125,5
DA:126,5
LF:126
LH:126
BRDA:1,0,0,5
BRDA:4,1,0,5
BRDA:83,2,0,10
BRDA:90,3,0,5
BRDA:94,4,0,5
BRDA:104,5,0,10
BRDA:105,6,0,3
BRDA:106,7,0,9
BRF:8
BRH:8
end_of_record
TN:
SF:src\components\employee-form\employee-form.js
FN:11,<static_initializer>
FN:249,EmployeeForm
FN:259,stateChanged
FN:276,getEmptyEmployee
FN:289,handleInput
FN:304,validateForm
FN:308,handleSubmit
FN:327,confirmUpdate
FN:332,cancelUpdate
FN:336,saveEmployee
FN:352,cancel
FN:362,render
FNF:12
FNH:11
FNDA:3,<static_initializer>
FNDA:8,EmployeeForm
FNDA:9,stateChanged
FNDA:9,getEmptyEmployee
FNDA:2,handleInput
FNDA:3,validateForm
FNDA:3,handleSubmit
FNDA:1,confirmUpdate
FNDA:1,cancelUpdate
FNDA:1,saveEmployee
FNDA:0,cancel
FNDA:16,render
DA:1,3
DA:2,3
DA:3,3
DA:4,3
DA:5,3
DA:6,3
DA:7,3
DA:8,3
DA:9,3
DA:10,3
DA:11,3
DA:12,3
DA:13,3
DA:14,3
DA:15,3
DA:16,3
DA:17,3
DA:18,3
DA:19,3
DA:20,3
DA:21,3
DA:22,3
DA:23,3
DA:24,3
DA:25,3
DA:26,3
DA:27,3
DA:28,3
DA:29,3
DA:30,3
DA:31,3
DA:32,3
DA:33,3
DA:34,3
DA:35,3
DA:36,3
DA:37,3
DA:38,3
DA:39,3
DA:40,3
DA:41,3
DA:42,3
DA:43,3
DA:44,3
DA:45,3
DA:46,3
DA:47,3
DA:48,3
DA:49,3
DA:50,3
DA:51,3
DA:52,3
DA:53,3
DA:54,3
DA:55,3
DA:56,3
DA:57,3
DA:58,3
DA:59,3
DA:60,3
DA:61,3
DA:62,3
DA:63,3
DA:64,3
DA:65,3
DA:66,3
DA:67,3
DA:68,3
DA:69,3
DA:70,3
DA:71,3
DA:72,3
DA:73,3
DA:74,3
DA:75,3
DA:76,3
DA:77,3
DA:78,3
DA:79,3
DA:80,3
DA:81,3
DA:82,3
DA:83,3
DA:84,3
DA:85,3
DA:86,3
DA:87,3
DA:88,3
DA:89,3
DA:90,3
DA:91,3
DA:92,3
DA:93,3
DA:94,3
DA:95,3
DA:96,3
DA:97,3
DA:98,3
DA:99,3
DA:100,3
DA:101,3
DA:102,3
DA:103,3
DA:104,3
DA:105,3
DA:106,3
DA:107,3
DA:108,3
DA:109,3
DA:110,3
DA:111,3
DA:112,3
DA:113,3
DA:114,3
DA:115,3
DA:116,3
DA:117,3
DA:118,3
DA:119,3
DA:120,3
DA:121,3
DA:122,3
DA:123,3
DA:124,3
DA:125,3
DA:126,3
DA:127,3
DA:128,3
DA:129,3
DA:130,3
DA:131,3
DA:132,3
DA:133,3
DA:134,3
DA:135,3
DA:136,3
DA:137,3
DA:138,3
DA:139,3
DA:140,3
DA:141,3
DA:142,3
DA:143,3
DA:144,3
DA:145,3
DA:146,3
DA:147,3
DA:148,3
DA:149,3
DA:150,3
DA:151,3
DA:152,3
DA:153,3
DA:154,3
DA:155,3
DA:156,3
DA:157,3
DA:158,3
DA:159,3
DA:160,3
DA:161,3
DA:162,3
DA:163,3
DA:164,3
DA:165,3
DA:166,3
DA:167,3
DA:168,3
DA:169,3
DA:170,3
DA:171,3
DA:172,3
DA:173,3
DA:174,3
DA:175,3
DA:176,3
DA:177,3
DA:178,3
DA:179,3
DA:180,3
DA:181,3
DA:182,3
DA:183,3
DA:184,3
DA:185,3
DA:186,3
DA:187,3
DA:188,3
DA:189,3
DA:190,3
DA:191,3
DA:192,3
DA:193,3
DA:194,3
DA:195,3
DA:196,3
DA:197,3
DA:198,3
DA:199,3
DA:200,3
DA:201,3
DA:202,3
DA:203,3
DA:204,3
DA:205,3
DA:206,3
DA:207,3
DA:208,3
DA:209,3
DA:210,3
DA:211,3
DA:212,3
DA:213,3
DA:214,3
DA:215,3
DA:216,3
DA:217,3
DA:218,3
DA:219,3
DA:220,3
DA:221,3
DA:222,3
DA:223,3
DA:224,3
DA:225,3
DA:226,3
DA:227,3
DA:228,3
DA:229,3
DA:230,3
DA:231,3
DA:232,3
DA:233,3
DA:234,3
DA:235,3
DA:236,3
DA:237,3
DA:238,3
DA:239,3
DA:240,3
DA:241,3
DA:242,3
DA:243,3
DA:244,3
DA:245,3
DA:246,3
DA:247,3
DA:248,3
DA:249,3
DA:250,8
DA:251,8
DA:252,8
DA:253,8
DA:254,8
DA:255,8
DA:256,8
DA:257,8
DA:258,3
DA:259,3
DA:260,9
DA:261,9
DA:262,9
DA:263,9
DA:264,1
DA:265,1
DA:266,1
DA:267,1
DA:268,1
DA:269,0
DA:270,1
DA:271,0
DA:272,0
DA:273,1
DA:274,9
DA:275,3
DA:276,3
DA:277,9
DA:278,9
DA:279,9
DA:280,9
DA:281,9
DA:282,9
DA:283,9
DA:284,9
DA:285,9
DA:286,9
DA:287,9
DA:288,3
DA:289,3
DA:290,2
DA:291,2
DA:292,2
DA:293,2
DA:294,2
DA:295,2
DA:296,2
DA:297,0
DA:298,0
DA:299,0
DA:300,0
DA:301,0
DA:302,2
DA:303,3
DA:304,3
DA:305,3
DA:306,3
DA:307,3
DA:308,3
DA:309,3
DA:310,3
DA:311,3
DA:312,3
DA:313,3
DA:314,3
DA:315,1
DA:316,1
DA:317,1
DA:318,1
DA:319,0
DA:320,0
DA:321,0
DA:322,3
DA:323,2
DA:324,2
DA:325,3
DA:326,3
DA:327,3
DA:328,1
DA:329,1
DA:330,1
DA:331,3
DA:332,3
DA:333,1
DA:334,1
DA:335,3
DA:336,3
DA:337,1
DA:338,1
DA:339,1
DA:340,0
DA:341,0
DA:342,1
DA:343,1
DA:344,1
DA:345,1
DA:346,1
DA:347,1
DA:348,1
DA:349,1
DA:350,1
DA:351,3
DA:352,3
DA:353,0
DA:354,0
DA:355,0
DA:356,0
DA:357,0
DA:358,0
DA:359,0
DA:360,0
DA:361,3
DA:362,3
DA:363,16
DA:364,16
DA:365,16
DA:366,16
DA:367,16
DA:368,16
DA:369,16
DA:370,16
DA:371,16
DA:372,16
DA:373,16
DA:374,16
DA:375,7
DA:376,7
DA:377,7
DA:378,7
DA:379,16
DA:380,16
DA:381,16
DA:382,16
DA:383,16
DA:384,16
DA:385,16
DA:386,16
DA:387,16
DA:388,16
DA:389,16
DA:390,16
DA:391,16
DA:392,16
DA:393,16
DA:394,16
DA:395,16
DA:396,16
DA:397,16
DA:398,16
DA:399,16
DA:400,16
DA:401,16
DA:402,16
DA:403,16
DA:404,16
DA:405,16
DA:406,16
DA:407,16
DA:408,16
DA:409,16
DA:410,16
DA:411,16
DA:412,16
DA:413,16
DA:414,16
DA:415,16
DA:416,16
DA:417,16
DA:418,16
DA:419,16
DA:420,16
DA:421,16
DA:422,16
DA:423,16
DA:424,16
DA:425,16
DA:426,16
DA:427,16
DA:428,16
DA:429,16
DA:430,16
DA:431,16
DA:432,16
DA:433,16
DA:434,16
DA:435,16
DA:436,16
DA:437,16
DA:438,16
DA:439,16
DA:440,16
DA:441,16
DA:442,16
DA:443,16
DA:444,16
DA:445,16
DA:446,16
DA:447,16
DA:448,16
DA:449,16
DA:450,16
DA:451,16
DA:452,16
DA:453,16
DA:454,16
DA:455,16
DA:456,16
DA:457,16
DA:458,16
DA:459,16
DA:460,16
DA:461,16
DA:462,16
DA:463,16
DA:464,16
DA:465,16
DA:466,16
DA:467,16
DA:468,16
DA:469,16
DA:470,16
DA:471,16
DA:472,16
DA:473,16
DA:474,16
DA:475,16
DA:476,16
DA:477,16
DA:478,16
DA:479,16
DA:480,16
DA:481,16
DA:482,16
DA:483,16
DA:484,16
DA:485,16
DA:486,16
DA:487,16
DA:488,16
DA:489,16
DA:490,16
DA:491,16
DA:492,16
DA:493,16
DA:494,16
DA:495,16
DA:496,16
DA:497,16
DA:498,16
DA:499,16
DA:500,16
DA:501,32
DA:502,32
DA:503,32
DA:504,32
DA:505,32
DA:506,32
DA:507,32
DA:508,16
DA:509,16
DA:510,16
DA:511,16
DA:512,16
DA:513,16
DA:514,16
DA:515,16
DA:516,16
DA:517,16
DA:518,16
DA:519,16
DA:520,16
DA:521,16
DA:522,16
DA:523,16
DA:524,16
DA:525,16
DA:526,16
DA:527,16
DA:528,16
DA:529,48
DA:530,48
DA:531,48
DA:532,48
DA:533,48
DA:534,48
DA:535,48
DA:536,16
DA:537,16
DA:538,16
DA:539,16
DA:540,16
DA:541,16
DA:542,16
DA:543,16
DA:544,16
DA:545,16
DA:546,16
DA:547,16
DA:548,16
DA:549,16
DA:550,16
DA:551,16
DA:552,16
DA:553,16
DA:554,16
DA:555,16
DA:556,16
DA:557,16
DA:558,16
DA:559,16
DA:560,2
DA:561,2
DA:562,2
DA:563,2
DA:564,2
DA:565,2
DA:566,2
DA:567,2
DA:568,16
DA:569,16
DA:570,16
DA:571,16
DA:572,3
DA:573,3
DA:574,3
LF:574
LH:553
BRDA:1,0,0,3
BRDA:11,1,0,3
BRDA:249,2,0,9
BRDA:259,3,0,10
BRDA:263,4,0,5
BRDA:263,5,0,2
BRDA:263,6,0,2
BRDA:268,7,0,1
BRDA:270,8,0,1
BRDA:265,9,0,13
BRDA:276,10,0,10
BRDA:362,11,0,17
BRDA:370,12,0,8
BRDA:370,13,0,10
BRDA:374,14,0,8
BRDA:379,15,0,10
BRDA:393,16,0,2
BRDA:396,17,0,2
BRDA:408,18,0,2
BRDA:411,19,0,2
BRDA:427,20,0,3
BRDA:432,21,0,3
BRDA:446,22,0,3
BRDA:451,23,0,3
BRDA:464,24,0,3
BRDA:467,25,0,3
BRDA:480,26,0,3
BRDA:483,27,0,3
BRDA:494,28,0,3
BRDA:511,29,0,3
BRDA:522,30,0,3
BRDA:539,31,0,3
BRDA:559,32,0,3
BRDA:500,33,0,33
BRDA:528,34,0,49
BRDA:289,35,0,4
BRDA:296,36,0,2
BRDA:304,37,0,5
BRDA:308,38,0,5
BRDA:314,39,0,3
BRDA:318,40,0,2
BRDA:322,41,0,4
BRDA:327,42,0,3
BRDA:332,43,0,3
BRDA:336,44,0,3
BRDA:339,45,0,2
BRDA:393,46,0,16
BRDA:397,47,0,16
BRDA:408,48,0,16
BRDA:412,49,0,16
BRDA:427,50,0,15
BRDA:433,51,0,15
BRDA:446,52,0,15
BRDA:452,53,0,15
BRDA:464,54,0,15
BRDA:468,55,0,15
BRDA:480,56,0,15
BRDA:484,57,0,15
BRDA:494,58,0,15
BRDA:512,59,0,15
BRDA:522,60,0,15
BRDA:540,61,0,15
BRDA:568,62,0,15
BRDA:392,63,0,4
BRDA:407,64,0,4
BRF:65
BRH:65
end_of_record
TN:
SF:src\components\employee-list\employee-list.js
FN:14,<static_initializer>
FN:281,EmployeeList
FN:294,connectedCallback
FN:300,disconnectedCallback
FN:305,_handleResize
FN:311,stateChanged
FN:320,handleSearch
FN:324,handleViewModeChange
FN:332,handlePageChange
FN:335,handleEdit
FN:346,handleDelete
FN:351,confirmDelete
FN:358,cancelDelete
FN:363,getCurrentPageEmployees
FN:369,getTotalPages
FN:373,renderPageNumbers
FN:422,renderPagination
FN:446,renderTableView
FN:501,renderCardView
FN:564,navigateTo
FN:575,render
FNF:21
FNH:20
FNDA:3,<static_initializer>
FNDA:14,EmployeeList
FNDA:14,connectedCallback
FNDA:14,disconnectedCallback
FNDA:14,_handleResize
FNDA:22,stateChanged
FNDA:1,handleSearch
FNDA:1,handleViewModeChange
FNDA:1,handlePageChange
FNDA:1,handleEdit
FNDA:1,handleDelete
FNDA:1,confirmDelete
FNDA:1,cancelDelete
FNDA:22,getCurrentPageEmployees
FNDA:32,getTotalPages
FNDA:10,renderPageNumbers
FNDA:22,renderPagination
FNDA:1,renderTableView
FNDA:21,renderCardView
FNDA:0,navigateTo
FNDA:23,render
DA:1,3
DA:2,3
DA:3,3
DA:4,3
DA:5,3
DA:6,3
DA:7,3
DA:8,3
DA:9,3
DA:10,3
DA:11,3
DA:12,3
DA:13,3
DA:14,3
DA:15,3
DA:16,3
DA:17,3
DA:18,3
DA:19,3
DA:20,3
DA:21,3
DA:22,3
DA:23,3
DA:24,3
DA:25,3
DA:26,3
DA:27,3
DA:28,3
DA:29,3
DA:30,3
DA:31,3
DA:32,3
DA:33,3
DA:34,3
DA:35,3
DA:36,3
DA:37,3
DA:38,3
DA:39,3
DA:40,3
DA:41,3
DA:42,3
DA:43,3
DA:44,3
DA:45,3
DA:46,3
DA:47,3
DA:48,3
DA:49,3
DA:50,3
DA:51,3
DA:52,3
DA:53,3
DA:54,3
DA:55,3
DA:56,3
DA:57,3
DA:58,3
DA:59,3
DA:60,3
DA:61,3
DA:62,3
DA:63,3
DA:64,3
DA:65,3
DA:66,3
DA:67,3
DA:68,3
DA:69,3
DA:70,3
DA:71,3
DA:72,3
DA:73,3
DA:74,3
DA:75,3
DA:76,3
DA:77,3
DA:78,3
DA:79,3
DA:80,3
DA:81,3
DA:82,3
DA:83,3
DA:84,3
DA:85,3
DA:86,3
DA:87,3
DA:88,3
DA:89,3
DA:90,3
DA:91,3
DA:92,3
DA:93,3
DA:94,3
DA:95,3
DA:96,3
DA:97,3
DA:98,3
DA:99,3
DA:100,3
DA:101,3
DA:102,3
DA:103,3
DA:104,3
DA:105,3
DA:106,3
DA:107,3
DA:108,3
DA:109,3
DA:110,3
DA:111,3
DA:112,3
DA:113,3
DA:114,3
DA:115,3
DA:116,3
DA:117,3
DA:118,3
DA:119,3
DA:120,3
DA:121,3
DA:122,3
DA:123,3
DA:124,3
DA:125,3
DA:126,3
DA:127,3
DA:128,3
DA:129,3
DA:130,3
DA:131,3
DA:132,3
DA:133,3
DA:134,3
DA:135,3
DA:136,3
DA:137,3
DA:138,3
DA:139,3
DA:140,3
DA:141,3
DA:142,3
DA:143,3
DA:144,3
DA:145,3
DA:146,3
DA:147,3
DA:148,3
DA:149,3
DA:150,3
DA:151,3
DA:152,3
DA:153,3
DA:154,3
DA:155,3
DA:156,3
DA:157,3
DA:158,3
DA:159,3
DA:160,3
DA:161,3
DA:162,3
DA:163,3
DA:164,3
DA:165,3
DA:166,3
DA:167,3
DA:168,3
DA:169,3
DA:170,3
DA:171,3
DA:172,3
DA:173,3
DA:174,3
DA:175,3
DA:176,3
DA:177,3
DA:178,3
DA:179,3
DA:180,3
DA:181,3
DA:182,3
DA:183,3
DA:184,3
DA:185,3
DA:186,3
DA:187,3
DA:188,3
DA:189,3
DA:190,3
DA:191,3
DA:192,3
DA:193,3
DA:194,3
DA:195,3
DA:196,3
DA:197,3
DA:198,3
DA:199,3
DA:200,3
DA:201,3
DA:202,3
DA:203,3
DA:204,3
DA:205,3
DA:206,3
DA:207,3
DA:208,3
DA:209,3
DA:210,3
DA:211,3
DA:212,3
DA:213,3
DA:214,3
DA:215,3
DA:216,3
DA:217,3
DA:218,3
DA:219,3
DA:220,3
DA:221,3
DA:222,3
DA:223,3
DA:224,3
DA:225,3
DA:226,3
DA:227,3
DA:228,3
DA:229,3
DA:230,3
DA:231,3
DA:232,3
DA:233,3
DA:234,3
DA:235,3
DA:236,3
DA:237,3
DA:238,3
DA:239,3
DA:240,3
DA:241,3
DA:242,3
DA:243,3
DA:244,3
DA:245,3
DA:246,3
DA:247,3
DA:248,3
DA:249,3
DA:250,3
DA:251,3
DA:252,3
DA:253,3
DA:254,3
DA:255,3
DA:256,3
DA:257,3
DA:258,3
DA:259,3
DA:260,3
DA:261,3
DA:262,3
DA:263,3
DA:264,3
DA:265,3
DA:266,3
DA:267,3
DA:268,3
DA:269,3
DA:270,3
DA:271,3
DA:272,3
DA:273,3
DA:274,3
DA:275,3
DA:276,3
DA:277,3
DA:278,3
DA:279,3
DA:280,3
DA:281,3
DA:282,14
DA:283,14
DA:284,14
DA:285,14
DA:286,14
DA:287,14
DA:288,14
DA:289,14
DA:290,14
DA:291,14
DA:292,14
DA:293,3
DA:294,3
DA:295,14
DA:296,14
DA:297,14
DA:298,14
DA:299,3
DA:300,3
DA:301,14
DA:302,14
DA:303,14
DA:304,3
DA:305,3
DA:306,14
DA:307,4
DA:308,4
DA:309,14
DA:310,3
DA:311,3
DA:312,22
DA:313,22
DA:314,22
DA:315,22
DA:316,22
DA:317,22
DA:318,22
DA:319,3
DA:320,3
DA:321,1
DA:322,1
DA:323,3
DA:324,3
DA:325,1
DA:326,0
DA:327,1
DA:328,1
DA:329,1
DA:330,1
DA:331,3
DA:332,3
DA:333,1
DA:334,1
DA:335,3
DA:336,1
DA:337,1
DA:338,1
DA:339,1
DA:340,1
DA:341,1
DA:342,1
DA:343,1
DA:344,1
DA:345,3
DA:346,3
DA:347,1
DA:348,1
DA:349,1
DA:350,3
DA:351,3
DA:352,1
DA:353,1
DA:354,1
DA:355,1
DA:356,1
DA:357,3
DA:358,3
DA:359,1
DA:360,1
DA:361,1
DA:362,3
DA:363,3
DA:364,22
DA:365,22
DA:366,22
DA:367,22
DA:368,3
DA:369,3
DA:370,32
DA:371,32
DA:372,3
DA:373,3
DA:374,10
DA:375,10
DA:376,10
DA:377,10
DA:378,10
DA:379,10
DA:380,10
DA:381,0
DA:382,0
DA:383,0
DA:384,0
DA:385,0
DA:386,0
DA:387,0
DA:388,0
DA:389,0
DA:390,0
DA:391,0
DA:392,0
DA:393,10
DA:394,10
DA:395,20
DA:396,20
DA:397,20
DA:398,20
DA:399,20
DA:400,20
DA:401,20
DA:402,20
DA:403,20
DA:404,20
DA:405,10
DA:406,0
DA:407,0
DA:408,0
DA:409,0
DA:410,0
DA:411,0
DA:412,0
DA:413,0
DA:414,0
DA:415,0
DA:416,0
DA:417,0
DA:418,10
DA:419,10
DA:420,10
DA:421,3
DA:422,3
DA:423,22
DA:424,22
DA:425,10
DA:426,10
DA:427,10
DA:428,10
DA:429,10
DA:430,10
DA:431,10
DA:432,10
DA:433,10
DA:434,10
DA:435,10
DA:436,10
DA:437,10
DA:438,10
DA:439,10
DA:440,10
DA:441,10
DA:442,10
DA:443,10
DA:444,22
DA:445,3
DA:446,3
DA:447,1
DA:448,1
DA:449,1
DA:450,1
DA:451,1
DA:452,1
DA:453,1
DA:454,1
DA:455,1
DA:456,1
DA:457,1
DA:458,1
DA:459,1
DA:460,1
DA:461,1
DA:462,1
DA:463,1
DA:464,1
DA:465,1
DA:466,1
DA:467,10
DA:468,10
DA:469,10
DA:470,10
DA:471,10
DA:472,10
DA:473,10
DA:474,10
DA:475,10
DA:476,10
DA:477,10
DA:478,10
DA:479,10
DA:480,10
DA:481,10
DA:482,10
DA:483,10
DA:484,10
DA:485,10
DA:486,10
DA:487,10
DA:488,10
DA:489,10
DA:490,10
DA:491,10
DA:492,10
DA:493,10
DA:494,10
DA:495,1
DA:496,1
DA:497,1
DA:498,1
DA:499,1
DA:500,3
DA:501,3
DA:502,21
DA:503,21
DA:504,21
DA:505,21
DA:506,21
DA:507,98
DA:508,98
DA:509,98
DA:510,98
DA:511,98
DA:512,98
DA:513,98
DA:514,98
DA:515,98
DA:516,98
DA:517,98
DA:518,98
DA:519,98
DA:520,98
DA:521,98
DA:522,98
DA:523,98
DA:524,98
DA:525,98
DA:526,98
DA:527,98
DA:528,98
DA:529,98
DA:530,98
DA:531,98
DA:532,98
DA:533,98
DA:534,98
DA:535,98
DA:536,98
DA:537,98
DA:538,98
DA:539,98
DA:540,98
DA:541,98
DA:542,98
DA:543,98
DA:544,98
DA:545,98
DA:546,98
DA:547,98
DA:548,98
DA:549,98
DA:550,98
DA:551,98
DA:552,98
DA:553,98
DA:554,98
DA:555,98
DA:556,98
DA:557,98
DA:558,98
DA:559,21
DA:560,21
DA:561,21
DA:562,21
DA:563,3
DA:564,3
DA:565,0
DA:566,0
DA:567,0
DA:568,0
DA:569,0
DA:570,0
DA:571,0
DA:572,0
DA:573,0
DA:574,3
DA:575,3
DA:576,23
DA:577,23
DA:578,23
DA:579,23
DA:580,23
DA:581,23
DA:582,23
DA:583,23
DA:584,23
DA:585,23
DA:586,23
DA:587,23
DA:588,23
DA:589,23
DA:590,23
DA:591,23
DA:592,23
DA:593,23
DA:594,23
DA:595,23
DA:596,23
DA:597,23
DA:598,23
DA:599,23
DA:600,23
DA:601,23
DA:602,23
DA:603,23
DA:604,23
DA:605,23
DA:606,23
DA:607,23
DA:608,23
DA:609,23
DA:610,23
DA:611,23
DA:612,23
DA:613,23
DA:614,23
DA:615,23
DA:616,23
DA:617,1
DA:618,1
DA:619,23
DA:620,22
DA:621,22
DA:622,22
DA:623,22
DA:624,23
DA:625,23
DA:626,23
DA:627,2
DA:628,2
DA:629,2
DA:630,2
DA:631,2
DA:632,2
DA:633,2
DA:634,2
DA:635,2
DA:636,2
DA:637,2
DA:638,2
DA:639,23
DA:640,23
DA:641,23
DA:642,23
DA:643,3
DA:644,3
DA:645,3
LF:645
LH:611
BRDA:1,0,0,3
BRDA:14,1,0,3
BRDA:281,2,0,14
BRDA:294,3,0,14
BRDA:300,4,0,14
BRDA:305,5,0,14
BRDA:306,6,0,4
BRDA:311,7,0,22
BRDA:363,8,0,22
BRDA:369,9,0,32
BRDA:373,10,0,10
BRDA:380,11,0,0
BRDA:394,12,0,20
BRDA:397,13,0,10
BRDA:397,14,0,10
BRDA:404,15,0,20
BRDA:405,16,0,0
BRDA:422,17,0,22
BRDA:424,18,0,12
BRDA:501,19,0,21
BRDA:506,20,0,98
BRDA:575,21,0,23
BRDA:598,22,0,1
BRDA:606,23,0,1
BRDA:616,24,0,1
BRDA:621,25,0,1
BRDA:626,26,0,2
BRDA:320,27,0,3
BRDA:324,28,0,3
BRDA:325,29,0,2
BRDA:332,30,0,3
BRDA:335,31,0,3
BRDA:346,32,0,3
BRDA:351,33,0,3
BRDA:358,34,0,3
BRDA:425,35,0,10
BRDA:446,36,0,3
BRDA:466,37,0,12
BRDA:551,38,0,61
BRDA:599,39,0,22
BRDA:606,40,0,22
BRDA:619,41,0,22
BRDA:622,42,0,21
BRDA:632,43,0,0
BRDA:639,44,0,21
BRDA:600,45,0,7
BRF:46
BRH:43
end_of_record
TN:
SF:src\locales\en.js
FNF:0
FNH:0
DA:1,6
DA:2,6
DA:3,6
DA:4,6
DA:5,6
DA:6,6
DA:7,6
DA:8,6
DA:9,6
DA:10,6
DA:11,6
DA:12,6
DA:13,6
DA:14,6
DA:15,6
DA:16,6
DA:17,6
DA:18,6
DA:19,6
DA:20,6
DA:21,6
DA:22,6
DA:23,6
DA:24,6
DA:25,6
DA:26,6
DA:27,6
DA:28,6
DA:29,6
DA:30,6
DA:31,6
DA:32,6
DA:33,6
DA:34,6
DA:35,6
DA:36,6
DA:37,6
DA:38,6
DA:39,6
DA:40,6
DA:41,6
DA:42,6
DA:43,6
DA:44,6
DA:45,6
DA:46,6
DA:47,6
DA:48,6
DA:49,6
DA:50,6
DA:51,6
DA:52,6
DA:53,6
DA:54,6
DA:55,6
DA:56,6
DA:57,6
DA:58,6
DA:59,6
DA:60,6
DA:61,6
DA:62,6
DA:63,6
DA:64,6
DA:65,6
DA:66,6
DA:67,6
DA:68,6
DA:69,6
DA:70,6
DA:71,6
DA:72,6
DA:73,6
DA:74,6
LF:74
LH:74
BRDA:1,0,0,6
BRF:1
BRH:1
end_of_record
TN:
SF:src\locales\tr.js
FNF:0
FNH:0
DA:1,6
DA:2,6
DA:3,6
DA:4,6
DA:5,6
DA:6,6
DA:7,6
DA:8,6
DA:9,6
DA:10,6
DA:11,6
DA:12,6
DA:13,6
DA:14,6
DA:15,6
DA:16,6
DA:17,6
DA:18,6
DA:19,6
DA:20,6
DA:21,6
DA:22,6
DA:23,6
DA:24,6
DA:25,6
DA:26,6
DA:27,6
DA:28,6
DA:29,6
DA:30,6
DA:31,6
DA:32,6
DA:33,6
DA:34,6
DA:35,6
DA:36,6
DA:37,6
DA:38,6
DA:39,6
DA:40,6
DA:41,6
DA:42,6
DA:43,6
DA:44,6
DA:45,6
DA:46,6
DA:47,6
DA:48,6
DA:49,6
DA:50,6
DA:51,6
DA:52,6
DA:53,6
DA:54,6
DA:55,6
DA:56,6
DA:57,6
DA:58,6
DA:59,6
DA:60,6
DA:61,6
DA:62,6
DA:63,6
DA:64,6
DA:65,6
DA:66,6
DA:67,6
DA:68,6
DA:69,6
DA:70,6
DA:71,6
DA:72,6
DA:73,6
LF:73
LH:73
BRDA:1,0,0,6
BRF:1
BRH:1
end_of_record
TN:
SF:src\pwa-helpers\connect-mixin.js
FN:1,connect
FN:8,connectedCallback
FN:16,disconnectedCallback
FN:23,_stateChanged
FNF:4
FNH:4
FNDA:6,connect
FNDA:22,connectedCallback
FNDA:22,disconnectedCallback
FNDA:31,_stateChanged
DA:1,4
DA:2,6
DA:3,6
DA:4,22
DA:5,22
DA:6,22
DA:7,6
DA:8,6
DA:9,22
DA:10,22
DA:11,22
DA:12,22
DA:13,22
DA:14,22
DA:15,6
DA:16,6
DA:17,22
DA:18,22
DA:19,22
DA:20,22
DA:21,22
DA:22,6
DA:23,6
DA:24,31
DA:25,31
DA:26,31
DA:27,31
DA:28,31
DA:29,4
LF:29
LH:29
BRDA:1,0,0,4
BRDA:1,1,0,4
BRDA:1,2,0,4
BRDA:3,3,0,22
BRDA:8,4,0,22
BRDA:16,5,0,22
BRDA:23,6,0,31
BRF:7
BRH:7
end_of_record
TN:
SF:src\redux\actions.js
FN:11,fetchEmployees
FN:15,addEmployee
FN:20,updateEmployee
FN:25,deleteEmployee
FN:30,setEmployeeFilter
FN:35,setCurrentPage
FN:40,setViewMode
FNF:7
FNH:6
FNDA:0,fetchEmployees
FNDA:5,addEmployee
FNDA:2,updateEmployee
FNDA:2,deleteEmployee
FNDA:2,setEmployeeFilter
FNDA:2,setCurrentPage
FNDA:6,setViewMode
DA:1,5
DA:2,5
DA:3,5
DA:4,5
DA:5,5
DA:6,5
DA:7,5
DA:8,5
DA:9,5
DA:10,5
DA:11,5
DA:12,0
DA:13,5
DA:14,5
DA:15,5
DA:16,5
DA:17,5
DA:18,5
DA:19,5
DA:20,5
DA:21,2
DA:22,2
DA:23,5
DA:24,5
DA:25,5
DA:26,2
DA:27,2
DA:28,5
DA:29,5
DA:30,5
DA:31,2
DA:32,2
DA:33,5
DA:34,5
DA:35,5
DA:36,2
DA:37,2
DA:38,5
DA:39,5
DA:40,5
DA:41,6
DA:42,6
DA:43,5
LF:43
LH:42
BRDA:1,0,0,5
BRDA:40,1,0,7
BRDA:20,2,0,5
BRDA:25,3,0,5
BRDA:30,4,0,5
BRDA:35,5,0,5
BRDA:15,6,0,9
BRF:7
BRH:7
end_of_record
TN:
SF:src\redux\reducers.js
FN:3,generateId
FN:155,employeesReducer
FN:238,applyFilter
FNF:3
FNH:3
FNDA:65,generateId
FNDA:24,employeesReducer
FNDA:11,applyFilter
DA:1,5
DA:2,5
DA:3,5
DA:4,65
DA:5,5
DA:6,5
DA:7,5
DA:8,5
DA:9,5
DA:10,5
DA:11,5
DA:12,5
DA:13,5
DA:14,5
DA:15,5
DA:16,5
DA:17,5
DA:18,5
DA:19,5
DA:20,5
DA:21,5
DA:22,5
DA:23,5
DA:24,5
DA:25,5
DA:26,5
DA:27,5
DA:28,5
DA:29,5
DA:30,5
DA:31,5
DA:32,5
DA:33,5
DA:34,5
DA:35,5
DA:36,5
DA:37,5
DA:38,5
DA:39,5
DA:40,5
DA:41,5
DA:42,5
DA:43,5
DA:44,5
DA:45,5
DA:46,5
DA:47,5
DA:48,5
DA:49,5
DA:50,5
DA:51,5
DA:52,5
DA:53,5
DA:54,5
DA:55,5
DA:56,5
DA:57,5
DA:58,5
DA:59,5
DA:60,5
DA:61,5
DA:62,5
DA:63,5
DA:64,5
DA:65,5
DA:66,5
DA:67,5
DA:68,5
DA:69,5
DA:70,5
DA:71,5
DA:72,5
DA:73,5
DA:74,5
DA:75,5
DA:76,5
DA:77,5
DA:78,5
DA:79,5
DA:80,5
DA:81,5
DA:82,5
DA:83,5
DA:84,5
DA:85,5
DA:86,5
DA:87,5
DA:88,5
DA:89,5
DA:90,5
DA:91,5
DA:92,5
DA:93,5
DA:94,5
DA:95,5
DA:96,5
DA:97,5
DA:98,5
DA:99,5
DA:100,5
DA:101,5
DA:102,5
DA:103,5
DA:104,5
DA:105,5
DA:106,5
DA:107,5
DA:108,5
DA:109,5
DA:110,5
DA:111,5
DA:112,5
DA:113,5
DA:114,5
DA:115,5
DA:116,5
DA:117,5
DA:118,5
DA:119,5
DA:120,5
DA:121,5
DA:122,5
DA:123,5
DA:124,5
DA:125,5
DA:126,5
DA:127,5
DA:128,5
DA:129,5
DA:130,5
DA:131,5
DA:132,5
DA:133,5
DA:134,5
DA:135,5
DA:136,5
DA:137,5
DA:138,5
DA:139,5
DA:140,5
DA:141,5
DA:142,5
DA:143,5
DA:144,5
DA:145,5
DA:146,5
DA:147,5
DA:148,5
DA:149,5
DA:150,5
DA:151,5
DA:152,5
DA:153,5
DA:154,5
DA:155,5
DA:156,24
DA:157,24
DA:158,0
DA:159,0
DA:160,0
DA:161,0
DA:162,0
DA:163,0
DA:164,0
DA:165,0
DA:166,0
DA:167,0
DA:168,0
DA:169,0
DA:170,0
DA:171,0
DA:172,0
DA:173,0
DA:174,24
DA:175,24
DA:176,5
DA:177,5
DA:178,5
DA:179,5
DA:180,5
DA:181,5
DA:182,5
DA:183,5
DA:184,5
DA:185,5
DA:186,5
DA:187,24
DA:188,24
DA:189,2
DA:190,26
DA:191,2
DA:192,2
DA:193,2
DA:194,2
DA:195,2
DA:196,2
DA:197,2
DA:198,24
DA:199,24
DA:200,2
DA:201,2
DA:202,2
DA:203,2
DA:204,2
DA:205,2
DA:206,2
DA:207,2
DA:208,2
DA:209,24
DA:210,24
DA:211,2
DA:212,2
DA:213,2
DA:214,2
DA:215,2
DA:216,2
DA:217,2
DA:218,2
DA:219,24
DA:220,24
DA:221,2
DA:222,2
DA:223,2
DA:224,2
DA:225,24
DA:226,24
DA:227,6
DA:228,6
DA:229,6
DA:230,6
DA:231,24
DA:232,24
DA:233,5
DA:234,24
DA:235,5
DA:236,5
DA:237,5
DA:238,5
DA:239,11
DA:240,3
DA:241,3
DA:242,3
DA:243,3
DA:244,40
DA:245,40
DA:246,40
DA:247,40
DA:248,37
DA:249,3
DA:250,5
DA:251,5
DA:252,5
LF:252
LH:236
BRDA:1,0,0,5
BRDA:3,1,0,65
BRDA:155,2,0,24
BRDA:157,3,0,0
BRDA:175,4,0,5
BRDA:188,5,0,2
BRDA:199,6,0,2
BRDA:210,7,0,2
BRDA:220,8,0,2
BRDA:226,9,0,6
BRDA:232,10,0,5
BRDA:189,11,0,26
BRDA:190,12,0,1
BRDA:238,13,0,13
BRDA:240,14,0,5
BRDA:201,15,0,27
BRDA:239,16,0,10
BRDA:243,17,0,42
BRDA:244,18,0,39
BRDA:245,19,0,39
BRDA:246,20,0,39
BRDA:247,21,0,39
BRDA:190,22,0,25
BRF:23
BRH:22
end_of_record
TN:
SF:src\redux\store.js
FNF:0
FNH:0
DA:1,5
DA:2,5
DA:3,5
DA:4,5
DA:5,5
DA:6,5
DA:7,5
LF:7
LH:7
BRDA:1,0,0,5
BRDA:6,1,0,0
BRF:2
BRH:1
end_of_record
TN:
SF:src\utils\constants.js
FNF:0
FNH:0
DA:1,3
DA:2,3
DA:3,3
LF:3
LH:3
BRDA:1,0,0,3
BRF:1
BRH:1
end_of_record
TN:
SF:src\utils\localization.js
FN:6,LocalizationService
FN:14,setLocale
FN:25,translate
FN:34,t
FN:37,LocalizeMixin
FN:39,connectedCallback
FN:42,_languageChangedHandler
FN:46,disconnectedCallback
FN:54,t
FNF:9
FNH:9
FNDA:6,LocalizationService
FNDA:2,setLocale
FNDA:1135,translate
FNDA:1135,t
FNDA:9,LocalizeMixin
FNDA:31,connectedCallback
FNDA:2,_languageChangedHandler
FNDA:31,disconnectedCallback
FNDA:1097,t
DA:1,6
DA:2,6
DA:3,6
DA:4,6
DA:5,6
DA:6,6
DA:7,6
DA:8,6
DA:9,6
DA:10,6
DA:11,6
DA:12,6
DA:13,6
DA:14,6
DA:15,2
DA:16,2
DA:17,2
DA:18,2
DA:19,2
DA:20,2
DA:21,2
DA:22,2
DA:23,2
DA:24,6
DA:25,6
DA:26,1135
DA:27,1135
DA:28,1135
DA:29,6
DA:30,6
DA:31,6
DA:32,6
DA:33,6
DA:34,6
DA:35,6
DA:36,6
DA:37,6
DA:38,9
DA:39,9
DA:40,31
DA:41,31
DA:42,31
DA:43,31
DA:44,31
DA:45,9
DA:46,9
DA:47,31
DA:48,31
DA:49,31
DA:50,31
DA:51,31
DA:52,31
DA:53,9
DA:54,9
DA:55,1097
DA:56,1097
DA:57,6
LF:57
LH:57
BRDA:1,0,0,6
BRDA:6,1,0,6
BRDA:25,2,0,1135
BRDA:27,3,0,0
BRDA:34,4,0,1135
BRDA:37,5,0,10
BRDA:39,6,0,32
BRDA:46,7,0,32
BRDA:54,8,0,1098
BRDA:14,9,0,7
BRDA:42,10,0,31
BRF:11
BRH:10
end_of_record
TN:
SF:src\utils\validation.js
FN:3,validateRequired
FN:10,validateEmail
FN:23,validatePhone
FN:37,validateDate
FN:62,validateUniqueEmail
FN:81,validateEmployeeForm
FNF:6
FNH:6
FNDA:33,validateRequired
FNDA:12,validateEmail
FNDA:12,validatePhone
FNDA:22,validateDate
FNDA:7,validateUniqueEmail
FNDA:7,validateEmployeeForm
DA:1,4
DA:2,4
DA:3,4
DA:4,33
DA:5,14
DA:6,14
DA:7,19
DA:8,4
DA:9,4
DA:10,4
DA:11,12
DA:12,3
DA:13,3
DA:14,9
DA:15,9
DA:16,12
DA:17,3
DA:18,3
DA:19,6
DA:20,6
DA:21,4
DA:22,4
DA:23,4
DA:24,12
DA:25,4
DA:26,4
DA:27,8
DA:28,8
DA:29,8
DA:30,12
DA:31,1
DA:32,1
DA:33,7
DA:34,7
DA:35,4
DA:36,4
DA:37,4
DA:38,22
DA:39,7
DA:40,7
DA:41,15
DA:42,15
DA:43,15
DA:44,22
DA:45,3
DA:46,3
DA:47,12
DA:48,12
DA:49,12
DA:50,12
DA:51,12
DA:52,12
DA:53,22
DA:54,11
DA:55,22
DA:56,1
DA:57,1
DA:58,11
DA:59,11
DA:60,4
DA:61,4
DA:62,4
DA:63,7
DA:64,7
DA:65,7
DA:66,7
DA:67,7
DA:68,7
DA:69,7
DA:70,7
DA:71,7
DA:72,7
DA:73,7
DA:74,2
DA:75,2
DA:76,5
DA:77,5
DA:78,4
DA:79,4
DA:80,4
DA:81,4
DA:82,7
DA:83,7
DA:84,7
DA:85,7
DA:86,7
DA:87,7
DA:88,7
DA:89,7
DA:90,7
DA:91,7
DA:92,7
DA:93,4
DA:94,4
DA:95,4
DA:96,4
DA:97,4
DA:98,4
DA:99,7
DA:100,7
DA:101,7
DA:102,7
DA:103,7
DA:104,7
DA:105,56
DA:106,7
DA:107,7
DA:108,7
DA:109,4
LF:109
LH:109
BRDA:1,0,0,4
BRDA:3,1,0,35
BRDA:4,2,0,22
BRDA:4,3,0,29
BRDA:10,4,0,14
BRDA:11,5,0,5
BRDA:14,6,0,11
BRDA:16,7,0,12
BRDA:23,8,0,14
BRDA:24,9,0,6
BRDA:27,10,0,10
BRDA:30,11,0,3
BRDA:33,12,0,9
BRDA:37,13,0,24
BRDA:38,14,0,9
BRDA:41,15,0,17
BRDA:44,16,0,5
BRDA:47,17,0,14
BRDA:53,18,0,13
BRDA:55,19,0,3
BRDA:58,20,0,13
BRDA:62,21,0,9
BRDA:67,22,0,2
BRDA:73,23,0,4
BRDA:70,24,0,22
BRDA:70,25,0,22
BRDA:81,26,0,9
BRDA:92,27,0,6
BRDA:96,28,0,4
BRDA:104,29,0,58
BRDA:105,30,0,35
BRDA:4,31,0,16
BRDA:7,32,0,21
BRDA:16,33,0,5
BRDA:19,34,0,8
BRDA:76,35,0,7
BRDA:96,36,0,4
BRF:37
BRH:37
end_of_record
