TN:
SF:src\routes.js
FN:6,<static_initializer>
FN:10,RouterOutlet
FN:27,render
FNF:3
FNH:3
FNDA:2,<static_initializer>
FNDA:6,RouterOutlet
FNDA:8,render
DA:1,2
DA:2,2
DA:3,2
DA:4,2
DA:5,2
DA:6,2
DA:7,2
DA:8,2
DA:9,2
DA:10,2
DA:11,6
DA:12,6
DA:13,6
DA:14,6
DA:15,6
DA:16,0
DA:17,0
DA:18,6
DA:19,6
DA:20,6
DA:21,6
DA:22,0
DA:23,0
DA:24,6
DA:25,6
DA:26,2
DA:27,2
DA:28,8
DA:29,6
DA:30,8
DA:31,1
DA:32,1
DA:33,1
DA:34,1
DA:35,1
DA:36,1
DA:37,1
DA:38,1
DA:39,0
DA:40,0
DA:41,8
DA:42,2
DA:43,2
DA:44,2
LF:44
LH:38
BRDA:1,0,0,2
BRDA:6,1,0,2
BRDA:10,2,0,6
BRDA:27,3,0,8
BRDA:28,4,0,2
BRDA:28,5,0,6
BRDA:30,6,0,2
BRDA:30,7,0,2
BRDA:38,8,0,0
BRF:9
BRH:8
end_of_record
TN:
SF:src\components\app-container.js
FN:7,<static_initializer>
FN:43,render
FNF:2
FNH:2
FNDA:1,<static_initializer>
FNDA:3,render
DA:1,1
DA:2,1
DA:3,1
DA:4,1
DA:5,1
DA:6,1
DA:7,1
DA:8,1
DA:9,1
DA:10,1
DA:11,1
DA:12,1
DA:13,1
DA:14,1
DA:15,1
DA:16,1
DA:17,1
DA:18,1
DA:19,1
DA:20,1
DA:21,1
DA:22,1
DA:23,1
DA:24,1
DA:25,1
DA:26,1
DA:27,1
DA:28,1
DA:29,1
DA:30,1
DA:31,1
DA:32,1
DA:33,1
DA:34,1
DA:35,1
DA:36,1
DA:37,1
DA:38,1
DA:39,1
DA:40,1
DA:41,1
DA:42,1
DA:43,1
DA:44,3
DA:45,3
DA:46,3
DA:47,3
DA:48,3
DA:49,3
DA:50,3
DA:51,3
DA:52,3
DA:53,3
DA:54,3
DA:55,3
DA:56,3
DA:57,3
DA:58,3
DA:59,3
DA:60,3
DA:61,3
DA:62,1
DA:63,1
DA:64,1
LF:64
LH:64
BRDA:1,0,0,1
BRDA:7,1,0,1
BRDA:43,2,0,3
BRF:3
BRH:3
end_of_record
TN:
SF:src\components\navigation-menu.js
FN:6,<static_initializer>
FN:116,NavigationMenu
FN:121,connectedCallback
FN:130,disconnectedCallback
FN:138,updateCurrentPath
FN:143,navigateTo
FN:155,switchLanguage
FN:161,render
FNF:8
FNH:8
FNDA:2,<static_initializer>
FNDA:7,NavigationMenu
FNDA:7,connectedCallback
FNDA:7,disconnectedCallback
FNDA:4,updateCurrentPath
FNDA:1,navigateTo
FNDA:1,switchLanguage
FNDA:14,render
DA:1,2
DA:2,2
DA:3,2
DA:4,2
DA:5,2
DA:6,2
DA:7,2
DA:8,2
DA:9,2
DA:10,2
DA:11,2
DA:12,2
DA:13,2
DA:14,2
DA:15,2
DA:16,2
DA:17,2
DA:18,2
DA:19,2
DA:20,2
DA:21,2
DA:22,2
DA:23,2
DA:24,2
DA:25,2
DA:26,2
DA:27,2
DA:28,2
DA:29,2
DA:30,2
DA:31,2
DA:32,2
DA:33,2
DA:34,2
DA:35,2
DA:36,2
DA:37,2
DA:38,2
DA:39,2
DA:40,2
DA:41,2
DA:42,2
DA:43,2
DA:44,2
DA:45,2
DA:46,2
DA:47,2
DA:48,2
DA:49,2
DA:50,2
DA:51,2
DA:52,2
DA:53,2
DA:54,2
DA:55,2
DA:56,2
DA:57,2
DA:58,2
DA:59,2
DA:60,2
DA:61,2
DA:62,2
DA:63,2
DA:64,2
DA:65,2
DA:66,2
DA:67,2
DA:68,2
DA:69,2
DA:70,2
DA:71,2
DA:72,2
DA:73,2
DA:74,2
DA:75,2
DA:76,2
DA:77,2
DA:78,2
DA:79,2
DA:80,2
DA:81,2
DA:82,2
DA:83,2
DA:84,2
DA:85,2
DA:86,2
DA:87,2
DA:88,2
DA:89,2
DA:90,2
DA:91,2
DA:92,2
DA:93,2
DA:94,2
DA:95,2
DA:96,2
DA:97,2
DA:98,2
DA:99,2
DA:100,2
DA:101,2
DA:102,2
DA:103,2
DA:104,2
DA:105,2
DA:106,2
DA:107,2
DA:108,2
DA:109,2
DA:110,2
DA:111,2
DA:112,2
DA:113,2
DA:114,2
DA:115,2
DA:116,2
DA:117,7
DA:118,7
DA:119,7
DA:120,2
DA:121,2
DA:122,7
DA:123,7
DA:124,7
DA:125,0
DA:126,7
DA:127,7
DA:128,7
DA:129,2
DA:130,2
DA:131,7
DA:132,0
DA:133,7
DA:134,7
DA:135,7
DA:136,7
DA:137,2
DA:138,2
DA:139,4
DA:140,4
DA:141,4
DA:142,2
DA:143,2
DA:144,1
DA:145,1
DA:146,1
DA:147,1
DA:148,1
DA:149,1
DA:150,1
DA:151,1
DA:152,1
DA:153,1
DA:154,2
DA:155,2
DA:156,1
DA:157,1
DA:158,1
DA:159,1
DA:160,2
DA:161,2
DA:162,14
DA:163,14
DA:164,14
DA:165,14
DA:166,14
DA:167,14
DA:168,14
DA:169,14
DA:170,14
DA:171,14
DA:172,14
DA:173,14
DA:174,14
DA:175,5
DA:176,14
DA:177,14
DA:178,14
DA:179,14
DA:180,14
DA:181,14
DA:182,14
DA:183,14
DA:184,14
DA:185,14
DA:186,14
DA:187,14
DA:188,14
DA:189,14
DA:190,14
DA:191,14
DA:192,14
DA:193,14
DA:194,14
DA:195,14
DA:196,14
DA:197,14
DA:198,14
DA:199,14
DA:200,14
DA:201,14
DA:202,14
DA:203,14
DA:204,14
DA:205,14
DA:206,14
DA:207,14
DA:208,2
DA:209,2
DA:210,2
LF:210
LH:208
BRDA:1,0,0,2
BRDA:6,1,0,2
BRDA:116,2,0,7
BRDA:121,3,0,7
BRDA:130,4,0,7
BRDA:161,5,0,14
BRDA:174,6,0,5
BRDA:177,7,0,5
BRDA:184,8,0,5
BRDA:193,9,0,1
BRDA:199,10,0,1
BRDA:127,11,0,7
BRDA:138,12,0,5
BRDA:143,13,0,2
BRDA:155,14,0,2
BRDA:176,15,0,9
BRDA:184,16,0,9
BRDA:193,17,0,13
BRDA:199,18,0,13
BRDA:185,19,0,4
BRDA:198,20,0,4
BRF:21
BRH:21
end_of_record
TN:
SF:src\components\common\confirmation-dialog.js
FN:4,<static_initializer>
FN:83,ConfirmationDialog
FN:90,cancel
FN:94,proceed
FN:98,render
FNF:5
FNH:5
FNDA:5,<static_initializer>
FNDA:8,ConfirmationDialog
FNDA:1,cancel
FNDA:1,proceed
FNDA:8,render
DA:1,5
DA:2,5
DA:3,5
DA:4,5
DA:5,5
DA:6,5
DA:7,5
DA:8,5
DA:9,5
DA:10,5
DA:11,5
DA:12,5
DA:13,5
DA:14,5
DA:15,5
DA:16,5
DA:17,5
DA:18,5
DA:19,5
DA:20,5
DA:21,5
DA:22,5
DA:23,5
DA:24,5
DA:25,5
DA:26,5
DA:27,5
DA:28,5
DA:29,5
DA:30,5
DA:31,5
DA:32,5
DA:33,5
DA:34,5
DA:35,5
DA:36,5
DA:37,5
DA:38,5
DA:39,5
DA:40,5
DA:41,5
DA:42,5
DA:43,5
DA:44,5
DA:45,5
DA:46,5
DA:47,5
DA:48,5
DA:49,5
DA:50,5
DA:51,5
DA:52,5
DA:53,5
DA:54,5
DA:55,5
DA:56,5
DA:57,5
DA:58,5
DA:59,5
DA:60,5
DA:61,5
DA:62,5
DA:63,5
DA:64,5
DA:65,5
DA:66,5
DA:67,5
DA:68,5
DA:69,5
DA:70,5
DA:71,5
DA:72,5
DA:73,5
DA:74,5
DA:75,5
DA:76,5
DA:77,5
DA:78,5
DA:79,5
DA:80,5
DA:81,5
DA:82,5
DA:83,5
DA:84,8
DA:85,8
DA:86,8
DA:87,8
DA:88,8
DA:89,5
DA:90,5
DA:91,1
DA:92,1
DA:93,5
DA:94,5
DA:95,1
DA:96,1
DA:97,5
DA:98,5
DA:99,8
DA:100,7
DA:101,7
DA:102,7
DA:103,7
DA:104,7
DA:105,7
DA:106,7
DA:107,7
DA:108,7
DA:109,7
DA:110,7
DA:111,7
DA:112,7
DA:113,7
DA:114,7
DA:115,7
DA:116,7
DA:117,8
DA:118,5
DA:119,5
DA:120,5
LF:120
LH:120
BRDA:1,0,0,5
BRDA:4,1,0,5
BRDA:83,2,0,10
BRDA:90,3,0,5
BRDA:94,4,0,5
BRDA:98,5,0,10
BRDA:99,6,0,3
BRDA:100,7,0,9
BRF:8
BRH:8
end_of_record
TN:
SF:src\components\employee-form\employee-form.js
FN:11,<static_initializer>
FN:248,EmployeeForm
FN:258,stateChanged
FN:275,getEmptyEmployee
FN:288,handleInput
FN:303,validateForm
FN:307,handleSubmit
FN:326,confirmUpdate
FN:331,cancelUpdate
FN:335,saveEmployee
FN:351,cancel
FN:361,render
FNF:12
FNH:11
FNDA:3,<static_initializer>
FNDA:9,EmployeeForm
FNDA:11,stateChanged
FNDA:10,getEmptyEmployee
FNDA:2,handleInput
FNDA:3,validateForm
FNDA:3,handleSubmit
FNDA:1,confirmUpdate
FNDA:1,cancelUpdate
FNDA:2,saveEmployee
FNDA:0,cancel
FNDA:19,render
DA:1,3
DA:2,3
DA:3,3
DA:4,3
DA:5,3
DA:6,3
DA:7,3
DA:8,3
DA:9,3
DA:10,3
DA:11,3
DA:12,3
DA:13,3
DA:14,3
DA:15,3
DA:16,3
DA:17,3
DA:18,3
DA:19,3
DA:20,3
DA:21,3
DA:22,3
DA:23,3
DA:24,3
DA:25,3
DA:26,3
DA:27,3
DA:28,3
DA:29,3
DA:30,3
DA:31,3
DA:32,3
DA:33,3
DA:34,3
DA:35,3
DA:36,3
DA:37,3
DA:38,3
DA:39,3
DA:40,3
DA:41,3
DA:42,3
DA:43,3
DA:44,3
DA:45,3
DA:46,3
DA:47,3
DA:48,3
DA:49,3
DA:50,3
DA:51,3
DA:52,3
DA:53,3
DA:54,3
DA:55,3
DA:56,3
DA:57,3
DA:58,3
DA:59,3
DA:60,3
DA:61,3
DA:62,3
DA:63,3
DA:64,3
DA:65,3
DA:66,3
DA:67,3
DA:68,3
DA:69,3
DA:70,3
DA:71,3
DA:72,3
DA:73,3
DA:74,3
DA:75,3
DA:76,3
DA:77,3
DA:78,3
DA:79,3
DA:80,3
DA:81,3
DA:82,3
DA:83,3
DA:84,3
DA:85,3
DA:86,3
DA:87,3
DA:88,3
DA:89,3
DA:90,3
DA:91,3
DA:92,3
DA:93,3
DA:94,3
DA:95,3
DA:96,3
DA:97,3
DA:98,3
DA:99,3
DA:100,3
DA:101,3
DA:102,3
DA:103,3
DA:104,3
DA:105,3
DA:106,3
DA:107,3
DA:108,3
DA:109,3
DA:110,3
DA:111,3
DA:112,3
DA:113,3
DA:114,3
DA:115,3
DA:116,3
DA:117,3
DA:118,3
DA:119,3
DA:120,3
DA:121,3
DA:122,3
DA:123,3
DA:124,3
DA:125,3
DA:126,3
DA:127,3
DA:128,3
DA:129,3
DA:130,3
DA:131,3
DA:132,3
DA:133,3
DA:134,3
DA:135,3
DA:136,3
DA:137,3
DA:138,3
DA:139,3
DA:140,3
DA:141,3
DA:142,3
DA:143,3
DA:144,3
DA:145,3
DA:146,3
DA:147,3
DA:148,3
DA:149,3
DA:150,3
DA:151,3
DA:152,3
DA:153,3
DA:154,3
DA:155,3
DA:156,3
DA:157,3
DA:158,3
DA:159,3
DA:160,3
DA:161,3
DA:162,3
DA:163,3
DA:164,3
DA:165,3
DA:166,3
DA:167,3
DA:168,3
DA:169,3
DA:170,3
DA:171,3
DA:172,3
DA:173,3
DA:174,3
DA:175,3
DA:176,3
DA:177,3
DA:178,3
DA:179,3
DA:180,3
DA:181,3
DA:182,3
DA:183,3
DA:184,3
DA:185,3
DA:186,3
DA:187,3
DA:188,3
DA:189,3
DA:190,3
DA:191,3
DA:192,3
DA:193,3
DA:194,3
DA:195,3
DA:196,3
DA:197,3
DA:198,3
DA:199,3
DA:200,3
DA:201,3
DA:202,3
DA:203,3
DA:204,3
DA:205,3
DA:206,3
DA:207,3
DA:208,3
DA:209,3
DA:210,3
DA:211,3
DA:212,3
DA:213,3
DA:214,3
DA:215,3
DA:216,3
DA:217,3
DA:218,3
DA:219,3
DA:220,3
DA:221,3
DA:222,3
DA:223,3
DA:224,3
DA:225,3
DA:226,3
DA:227,3
DA:228,3
DA:229,3
DA:230,3
DA:231,3
DA:232,3
DA:233,3
DA:234,3
DA:235,3
DA:236,3
DA:237,3
DA:238,3
DA:239,3
DA:240,3
DA:241,3
DA:242,3
DA:243,3
DA:244,3
DA:245,3
DA:246,3
DA:247,3
DA:248,3
DA:249,9
DA:250,9
DA:251,9
DA:252,9
DA:253,9
DA:254,9
DA:255,9
DA:256,9
DA:257,3
DA:258,3
DA:259,11
DA:260,11
DA:261,11
DA:262,11
DA:263,1
DA:264,1
DA:265,1
DA:266,1
DA:267,1
DA:268,0
DA:269,1
DA:270,0
DA:271,0
DA:272,1
DA:273,11
DA:274,3
DA:275,3
DA:276,10
DA:277,10
DA:278,10
DA:279,10
DA:280,10
DA:281,10
DA:282,10
DA:283,10
DA:284,10
DA:285,10
DA:286,10
DA:287,3
DA:288,3
DA:289,2
DA:290,2
DA:291,2
DA:292,2
DA:293,2
DA:294,2
DA:295,2
DA:296,0
DA:297,0
DA:298,0
DA:299,0
DA:300,0
DA:301,2
DA:302,3
DA:303,3
DA:304,3
DA:305,3
DA:306,3
DA:307,3
DA:308,3
DA:309,3
DA:310,3
DA:311,3
DA:312,3
DA:313,3
DA:314,1
DA:315,1
DA:316,1
DA:317,1
DA:318,0
DA:319,0
DA:320,0
DA:321,3
DA:322,2
DA:323,2
DA:324,3
DA:325,3
DA:326,3
DA:327,1
DA:328,1
DA:329,1
DA:330,3
DA:331,3
DA:332,1
DA:333,1
DA:334,3
DA:335,3
DA:336,2
DA:337,1
DA:338,1
DA:339,1
DA:340,1
DA:341,2
DA:342,2
DA:343,2
DA:344,2
DA:345,2
DA:346,2
DA:347,2
DA:348,2
DA:349,2
DA:350,3
DA:351,3
DA:352,0
DA:353,0
DA:354,0
DA:355,0
DA:356,0
DA:357,0
DA:358,0
DA:359,0
DA:360,3
DA:361,3
DA:362,19
DA:363,19
DA:364,19
DA:365,19
DA:366,19
DA:367,19
DA:368,19
DA:369,19
DA:370,19
DA:371,19
DA:372,19
DA:373,19
DA:374,7
DA:375,7
DA:376,7
DA:377,7
DA:378,19
DA:379,19
DA:380,19
DA:381,19
DA:382,19
DA:383,19
DA:384,19
DA:385,19
DA:386,19
DA:387,19
DA:388,19
DA:389,19
DA:390,19
DA:391,19
DA:392,19
DA:393,19
DA:394,19
DA:395,19
DA:396,19
DA:397,19
DA:398,19
DA:399,19
DA:400,19
DA:401,19
DA:402,19
DA:403,19
DA:404,19
DA:405,19
DA:406,19
DA:407,19
DA:408,19
DA:409,19
DA:410,19
DA:411,19
DA:412,19
DA:413,19
DA:414,19
DA:415,19
DA:416,19
DA:417,19
DA:418,19
DA:419,19
DA:420,19
DA:421,19
DA:422,19
DA:423,19
DA:424,19
DA:425,19
DA:426,19
DA:427,19
DA:428,19
DA:429,19
DA:430,19
DA:431,19
DA:432,19
DA:433,19
DA:434,19
DA:435,19
DA:436,19
DA:437,19
DA:438,19
DA:439,19
DA:440,19
DA:441,19
DA:442,19
DA:443,19
DA:444,19
DA:445,19
DA:446,19
DA:447,19
DA:448,19
DA:449,19
DA:450,19
DA:451,19
DA:452,19
DA:453,19
DA:454,19
DA:455,19
DA:456,19
DA:457,19
DA:458,19
DA:459,19
DA:460,19
DA:461,19
DA:462,19
DA:463,19
DA:464,19
DA:465,19
DA:466,19
DA:467,19
DA:468,19
DA:469,19
DA:470,19
DA:471,19
DA:472,19
DA:473,19
DA:474,19
DA:475,19
DA:476,19
DA:477,19
DA:478,19
DA:479,19
DA:480,19
DA:481,19
DA:482,19
DA:483,19
DA:484,19
DA:485,19
DA:486,19
DA:487,19
DA:488,19
DA:489,19
DA:490,19
DA:491,19
DA:492,19
DA:493,19
DA:494,19
DA:495,19
DA:496,19
DA:497,19
DA:498,19
DA:499,19
DA:500,38
DA:501,38
DA:502,38
DA:503,38
DA:504,38
DA:505,38
DA:506,38
DA:507,19
DA:508,19
DA:509,19
DA:510,19
DA:511,19
DA:512,19
DA:513,19
DA:514,19
DA:515,19
DA:516,19
DA:517,19
DA:518,19
DA:519,19
DA:520,19
DA:521,19
DA:522,19
DA:523,19
DA:524,19
DA:525,19
DA:526,19
DA:527,19
DA:528,57
DA:529,57
DA:530,57
DA:531,57
DA:532,57
DA:533,57
DA:534,57
DA:535,19
DA:536,19
DA:537,19
DA:538,19
DA:539,19
DA:540,19
DA:541,19
DA:542,19
DA:543,19
DA:544,19
DA:545,19
DA:546,19
DA:547,19
DA:548,19
DA:549,19
DA:550,19
DA:551,19
DA:552,19
DA:553,19
DA:554,19
DA:555,19
DA:556,19
DA:557,19
DA:558,19
DA:559,2
DA:560,2
DA:561,2
DA:562,2
DA:563,2
DA:564,2
DA:565,2
DA:566,2
DA:567,19
DA:568,19
DA:569,19
DA:570,19
DA:571,3
DA:572,3
DA:573,3
LF:573
LH:554
BRDA:1,0,0,3
BRDA:11,1,0,3
BRDA:248,2,0,10
BRDA:258,3,0,12
BRDA:262,4,0,5
BRDA:262,5,0,2
BRDA:262,6,0,2
BRDA:267,7,0,1
BRDA:269,8,0,1
BRDA:264,9,0,13
BRDA:275,10,0,11
BRDA:361,11,0,20
BRDA:369,12,0,8
BRDA:369,13,0,13
BRDA:373,14,0,8
BRDA:378,15,0,13
BRDA:392,16,0,2
BRDA:395,17,0,2
BRDA:407,18,0,2
BRDA:410,19,0,2
BRDA:426,20,0,3
BRDA:431,21,0,3
BRDA:445,22,0,3
BRDA:450,23,0,3
BRDA:463,24,0,3
BRDA:466,25,0,3
BRDA:479,26,0,3
BRDA:482,27,0,3
BRDA:493,28,0,3
BRDA:510,29,0,3
BRDA:521,30,0,3
BRDA:538,31,0,3
BRDA:558,32,0,3
BRDA:499,33,0,39
BRDA:527,34,0,58
BRDA:288,35,0,4
BRDA:295,36,0,2
BRDA:303,37,0,5
BRDA:307,38,0,5
BRDA:313,39,0,3
BRDA:317,40,0,2
BRDA:321,41,0,4
BRDA:326,42,0,3
BRDA:331,43,0,3
BRDA:335,44,0,4
BRDA:336,45,0,3
BRDA:392,46,0,19
BRDA:396,47,0,19
BRDA:407,48,0,19
BRDA:411,49,0,19
BRDA:426,50,0,18
BRDA:432,51,0,18
BRDA:445,52,0,18
BRDA:451,53,0,18
BRDA:463,54,0,18
BRDA:467,55,0,18
BRDA:479,56,0,18
BRDA:483,57,0,18
BRDA:493,58,0,18
BRDA:511,59,0,18
BRDA:521,60,0,18
BRDA:539,61,0,18
BRDA:567,62,0,18
BRDA:391,63,0,4
BRDA:406,64,0,4
BRF:65
BRH:65
end_of_record
TN:
SF:src\components\employee-list\employee-list.js
FN:14,<static_initializer>
FN:261,EmployeeList
FN:273,stateChanged
FN:282,handleSearch
FN:286,handleViewModeChange
FN:290,handlePageChange
FN:294,handleEdit
FN:305,handleDelete
FN:310,confirmDelete
FN:317,cancelDelete
FN:322,getCurrentPageEmployees
FN:328,getTotalPages
FN:332,renderPageNumbers
FN:388,renderPagination
FN:416,renderTableView
FN:476,renderCardView
FN:540,navigateTo
FN:552,render
FNF:18
FNH:17
FNDA:3,<static_initializer>
FNDA:14,EmployeeList
FNDA:18,stateChanged
FNDA:1,handleSearch
FNDA:1,handleViewModeChange
FNDA:1,handlePageChange
FNDA:1,handleEdit
FNDA:1,handleDelete
FNDA:1,confirmDelete
FNDA:1,cancelDelete
FNDA:22,getCurrentPageEmployees
FNDA:32,getTotalPages
FNDA:10,renderPageNumbers
FNDA:22,renderPagination
FNDA:8,renderTableView
FNDA:14,renderCardView
FNDA:0,navigateTo
FNDA:23,render
DA:1,3
DA:2,3
DA:3,3
DA:4,3
DA:5,3
DA:6,3
DA:7,3
DA:8,3
DA:9,3
DA:10,3
DA:11,3
DA:12,3
DA:13,3
DA:14,3
DA:15,3
DA:16,3
DA:17,3
DA:18,3
DA:19,3
DA:20,3
DA:21,3
DA:22,3
DA:23,3
DA:24,3
DA:25,3
DA:26,3
DA:27,3
DA:28,3
DA:29,3
DA:30,3
DA:31,3
DA:32,3
DA:33,3
DA:34,3
DA:35,3
DA:36,3
DA:37,3
DA:38,3
DA:39,3
DA:40,3
DA:41,3
DA:42,3
DA:43,3
DA:44,3
DA:45,3
DA:46,3
DA:47,3
DA:48,3
DA:49,3
DA:50,3
DA:51,3
DA:52,3
DA:53,3
DA:54,3
DA:55,3
DA:56,3
DA:57,3
DA:58,3
DA:59,3
DA:60,3
DA:61,3
DA:62,3
DA:63,3
DA:64,3
DA:65,3
DA:66,3
DA:67,3
DA:68,3
DA:69,3
DA:70,3
DA:71,3
DA:72,3
DA:73,3
DA:74,3
DA:75,3
DA:76,3
DA:77,3
DA:78,3
DA:79,3
DA:80,3
DA:81,3
DA:82,3
DA:83,3
DA:84,3
DA:85,3
DA:86,3
DA:87,3
DA:88,3
DA:89,3
DA:90,3
DA:91,3
DA:92,3
DA:93,3
DA:94,3
DA:95,3
DA:96,3
DA:97,3
DA:98,3
DA:99,3
DA:100,3
DA:101,3
DA:102,3
DA:103,3
DA:104,3
DA:105,3
DA:106,3
DA:107,3
DA:108,3
DA:109,3
DA:110,3
DA:111,3
DA:112,3
DA:113,3
DA:114,3
DA:115,3
DA:116,3
DA:117,3
DA:118,3
DA:119,3
DA:120,3
DA:121,3
DA:122,3
DA:123,3
DA:124,3
DA:125,3
DA:126,3
DA:127,3
DA:128,3
DA:129,3
DA:130,3
DA:131,3
DA:132,3
DA:133,3
DA:134,3
DA:135,3
DA:136,3
DA:137,3
DA:138,3
DA:139,3
DA:140,3
DA:141,3
DA:142,3
DA:143,3
DA:144,3
DA:145,3
DA:146,3
DA:147,3
DA:148,3
DA:149,3
DA:150,3
DA:151,3
DA:152,3
DA:153,3
DA:154,3
DA:155,3
DA:156,3
DA:157,3
DA:158,3
DA:159,3
DA:160,3
DA:161,3
DA:162,3
DA:163,3
DA:164,3
DA:165,3
DA:166,3
DA:167,3
DA:168,3
DA:169,3
DA:170,3
DA:171,3
DA:172,3
DA:173,3
DA:174,3
DA:175,3
DA:176,3
DA:177,3
DA:178,3
DA:179,3
DA:180,3
DA:181,3
DA:182,3
DA:183,3
DA:184,3
DA:185,3
DA:186,3
DA:187,3
DA:188,3
DA:189,3
DA:190,3
DA:191,3
DA:192,3
DA:193,3
DA:194,3
DA:195,3
DA:196,3
DA:197,3
DA:198,3
DA:199,3
DA:200,3
DA:201,3
DA:202,3
DA:203,3
DA:204,3
DA:205,3
DA:206,3
DA:207,3
DA:208,3
DA:209,3
DA:210,3
DA:211,3
DA:212,3
DA:213,3
DA:214,3
DA:215,3
DA:216,3
DA:217,3
DA:218,3
DA:219,3
DA:220,3
DA:221,3
DA:222,3
DA:223,3
DA:224,3
DA:225,3
DA:226,3
DA:227,3
DA:228,3
DA:229,3
DA:230,3
DA:231,3
DA:232,3
DA:233,3
DA:234,3
DA:235,3
DA:236,3
DA:237,3
DA:238,3
DA:239,3
DA:240,3
DA:241,3
DA:242,3
DA:243,3
DA:244,3
DA:245,3
DA:246,3
DA:247,3
DA:248,3
DA:249,3
DA:250,3
DA:251,3
DA:252,3
DA:253,3
DA:254,3
DA:255,3
DA:256,3
DA:257,3
DA:258,3
DA:259,3
DA:260,3
DA:261,3
DA:262,14
DA:263,14
DA:264,14
DA:265,14
DA:266,14
DA:267,14
DA:268,14
DA:269,14
DA:270,14
DA:271,14
DA:272,3
DA:273,3
DA:274,18
DA:275,18
DA:276,18
DA:277,18
DA:278,18
DA:279,18
DA:280,18
DA:281,3
DA:282,3
DA:283,1
DA:284,1
DA:285,3
DA:286,3
DA:287,1
DA:288,1
DA:289,3
DA:290,3
DA:291,1
DA:292,1
DA:293,3
DA:294,3
DA:295,1
DA:296,1
DA:297,1
DA:298,1
DA:299,1
DA:300,1
DA:301,1
DA:302,1
DA:303,1
DA:304,3
DA:305,3
DA:306,1
DA:307,1
DA:308,1
DA:309,3
DA:310,3
DA:311,1
DA:312,1
DA:313,1
DA:314,1
DA:315,1
DA:316,3
DA:317,3
DA:318,1
DA:319,1
DA:320,1
DA:321,3
DA:322,3
DA:323,22
DA:324,22
DA:325,22
DA:326,22
DA:327,3
DA:328,3
DA:329,32
DA:330,32
DA:331,3
DA:332,3
DA:333,10
DA:334,10
DA:335,10
DA:336,10
DA:337,10
DA:338,10
DA:339,10
DA:340,10
DA:341,10
DA:342,10
DA:343,10
DA:344,10
DA:345,0
DA:346,0
DA:347,0
DA:348,0
DA:349,0
DA:350,0
DA:351,0
DA:352,0
DA:353,0
DA:354,0
DA:355,0
DA:356,0
DA:357,10
DA:358,10
DA:359,10
DA:360,20
DA:361,20
DA:362,20
DA:363,20
DA:364,20
DA:365,20
DA:366,20
DA:367,20
DA:368,20
DA:369,20
DA:370,20
DA:371,10
DA:372,0
DA:373,0
DA:374,0
DA:375,0
DA:376,0
DA:377,0
DA:378,0
DA:379,0
DA:380,0
DA:381,0
DA:382,0
DA:383,0
DA:384,10
DA:385,10
DA:386,10
DA:387,3
DA:388,3
DA:389,22
DA:390,22
DA:391,22
DA:392,10
DA:393,10
DA:394,10
DA:395,10
DA:396,10
DA:397,10
DA:398,10
DA:399,10
DA:400,10
DA:401,10
DA:402,10
DA:403,10
DA:404,10
DA:405,10
DA:406,10
DA:407,10
DA:408,10
DA:409,10
DA:410,10
DA:411,10
DA:412,10
DA:413,10
DA:414,22
DA:415,3
DA:416,3
DA:417,8
DA:418,8
DA:419,8
DA:420,8
DA:421,8
DA:422,8
DA:423,8
DA:424,8
DA:425,8
DA:426,8
DA:427,8
DA:428,8
DA:429,8
DA:430,8
DA:431,8
DA:432,8
DA:433,8
DA:434,8
DA:435,8
DA:436,8
DA:437,8
DA:438,8
DA:439,8
DA:440,80
DA:441,80
DA:442,80
DA:443,80
DA:444,80
DA:445,80
DA:446,80
DA:447,80
DA:448,80
DA:449,80
DA:450,80
DA:451,80
DA:452,80
DA:453,80
DA:454,80
DA:455,80
DA:456,80
DA:457,80
DA:458,80
DA:459,80
DA:460,80
DA:461,80
DA:462,80
DA:463,80
DA:464,80
DA:465,80
DA:466,80
DA:467,80
DA:468,80
DA:469,80
DA:470,8
DA:471,8
DA:472,8
DA:473,8
DA:474,8
DA:475,3
DA:476,3
DA:477,14
DA:478,14
DA:479,14
DA:480,14
DA:481,14
DA:482,14
DA:483,28
DA:484,28
DA:485,28
DA:486,28
DA:487,28
DA:488,28
DA:489,28
DA:490,28
DA:491,28
DA:492,28
DA:493,28
DA:494,28
DA:495,28
DA:496,28
DA:497,28
DA:498,28
DA:499,28
DA:500,28
DA:501,28
DA:502,28
DA:503,28
DA:504,28
DA:505,28
DA:506,28
DA:507,28
DA:508,28
DA:509,28
DA:510,28
DA:511,28
DA:512,28
DA:513,28
DA:514,28
DA:515,28
DA:516,28
DA:517,28
DA:518,28
DA:519,28
DA:520,28
DA:521,28
DA:522,28
DA:523,28
DA:524,28
DA:525,28
DA:526,28
DA:527,28
DA:528,28
DA:529,28
DA:530,28
DA:531,28
DA:532,28
DA:533,28
DA:534,28
DA:535,14
DA:536,14
DA:537,14
DA:538,14
DA:539,3
DA:540,3
DA:541,0
DA:542,0
DA:543,0
DA:544,0
DA:545,0
DA:546,0
DA:547,0
DA:548,0
DA:549,0
DA:550,0
DA:551,3
DA:552,3
DA:553,23
DA:554,23
DA:555,23
DA:556,23
DA:557,23
DA:558,23
DA:559,23
DA:560,23
DA:561,23
DA:562,23
DA:563,23
DA:564,23
DA:565,23
DA:566,23
DA:567,23
DA:568,23
DA:569,23
DA:570,23
DA:571,23
DA:572,23
DA:573,23
DA:574,23
DA:575,23
DA:576,23
DA:577,23
DA:578,23
DA:579,23
DA:580,23
DA:581,23
DA:582,23
DA:583,23
DA:584,23
DA:585,23
DA:586,23
DA:587,23
DA:588,23
DA:589,23
DA:590,23
DA:591,23
DA:592,23
DA:593,23
DA:594,23
DA:595,23
DA:596,23
DA:597,23
DA:598,23
DA:599,1
DA:600,1
DA:601,23
DA:602,22
DA:603,22
DA:604,22
DA:605,22
DA:606,23
DA:607,23
DA:608,23
DA:609,2
DA:610,2
DA:611,2
DA:612,2
DA:613,2
DA:614,2
DA:615,2
DA:616,2
DA:617,23
DA:618,23
DA:619,23
DA:620,23
DA:621,3
DA:622,3
DA:623,3
LF:623
LH:589
BRDA:1,0,0,3
BRDA:14,1,0,3
BRDA:261,2,0,14
BRDA:273,3,0,18
BRDA:322,4,0,22
BRDA:328,5,0,32
BRDA:332,6,0,10
BRDA:344,7,0,0
BRDA:359,8,0,20
BRDA:362,9,0,10
BRDA:362,10,0,10
BRDA:369,11,0,20
BRDA:371,12,0,0
BRDA:388,13,0,22
BRDA:391,14,0,12
BRDA:416,15,0,8
BRDA:439,16,0,80
BRDA:552,17,0,23
BRDA:581,18,0,15
BRDA:588,19,0,15
BRDA:598,20,0,1
BRDA:604,21,0,14
BRDA:608,22,0,2
BRDA:282,23,0,3
BRDA:286,24,0,3
BRDA:290,25,0,3
BRDA:294,26,0,3
BRDA:305,27,0,3
BRDA:310,28,0,3
BRDA:317,29,0,3
BRDA:392,30,0,10
BRDA:476,31,0,16
BRDA:482,32,0,30
BRDA:527,33,0,3
BRDA:581,34,0,8
BRDA:588,35,0,8
BRDA:601,36,0,22
BRDA:603,37,0,8
BRDA:617,38,0,21
BRDA:589,39,0,7
BRF:40
BRH:38
end_of_record
TN:
SF:src\locales\en.js
FNF:0
FNH:0
DA:1,6
DA:2,6
DA:3,6
DA:4,6
DA:5,6
DA:6,6
DA:7,6
DA:8,6
DA:9,6
DA:10,6
DA:11,6
DA:12,6
DA:13,6
DA:14,6
DA:15,6
DA:16,6
DA:17,6
DA:18,6
DA:19,6
DA:20,6
DA:21,6
DA:22,6
DA:23,6
DA:24,6
DA:25,6
DA:26,6
DA:27,6
DA:28,6
DA:29,6
DA:30,6
DA:31,6
DA:32,6
DA:33,6
DA:34,6
DA:35,6
DA:36,6
DA:37,6
DA:38,6
DA:39,6
DA:40,6
DA:41,6
DA:42,6
DA:43,6
DA:44,6
DA:45,6
DA:46,6
DA:47,6
DA:48,6
DA:49,6
DA:50,6
DA:51,6
DA:52,6
DA:53,6
DA:54,6
DA:55,6
DA:56,6
DA:57,6
DA:58,6
DA:59,6
DA:60,6
DA:61,6
DA:62,6
DA:63,6
DA:64,6
DA:65,6
DA:66,6
DA:67,6
DA:68,6
DA:69,6
DA:70,6
DA:71,6
DA:72,6
DA:73,6
LF:73
LH:73
BRDA:1,0,0,6
BRF:1
BRH:1
end_of_record
TN:
SF:src\locales\tr.js
FNF:0
FNH:0
DA:1,6
DA:2,6
DA:3,6
DA:4,6
DA:5,6
DA:6,6
DA:7,6
DA:8,6
DA:9,6
DA:10,6
DA:11,6
DA:12,6
DA:13,6
DA:14,6
DA:15,6
DA:16,6
DA:17,6
DA:18,6
DA:19,6
DA:20,6
DA:21,6
DA:22,6
DA:23,6
DA:24,6
DA:25,6
DA:26,6
DA:27,6
DA:28,6
DA:29,6
DA:30,6
DA:31,6
DA:32,6
DA:33,6
DA:34,6
DA:35,6
DA:36,6
DA:37,6
DA:38,6
DA:39,6
DA:40,6
DA:41,6
DA:42,6
DA:43,6
DA:44,6
DA:45,6
DA:46,6
DA:47,6
DA:48,6
DA:49,6
DA:50,6
DA:51,6
DA:52,6
DA:53,6
DA:54,6
DA:55,6
DA:56,6
DA:57,6
DA:58,6
DA:59,6
DA:60,6
DA:61,6
DA:62,6
DA:63,6
DA:64,6
DA:65,6
DA:66,6
DA:67,6
DA:68,6
DA:69,6
DA:70,6
DA:71,6
DA:72,6
DA:73,6
LF:73
LH:73
BRDA:1,0,0,6
BRF:1
BRH:1
end_of_record
TN:
SF:src\pwa-helpers\connect-mixin.js
FN:1,connect
FN:8,connectedCallback
FN:16,disconnectedCallback
FN:23,_stateChanged
FNF:4
FNH:4
FNDA:6,connect
FNDA:23,connectedCallback
FNDA:23,disconnectedCallback
FNDA:29,_stateChanged
DA:1,4
DA:2,6
DA:3,6
DA:4,23
DA:5,23
DA:6,23
DA:7,6
DA:8,6
DA:9,23
DA:10,23
DA:11,23
DA:12,23
DA:13,23
DA:14,23
DA:15,6
DA:16,6
DA:17,23
DA:18,23
DA:19,23
DA:20,23
DA:21,23
DA:22,6
DA:23,6
DA:24,29
DA:25,29
DA:26,29
DA:27,29
DA:28,29
DA:29,4
LF:29
LH:29
BRDA:1,0,0,4
BRDA:1,1,0,4
BRDA:1,2,0,4
BRDA:3,3,0,23
BRDA:8,4,0,23
BRDA:16,5,0,23
BRDA:23,6,0,29
BRF:7
BRH:7
end_of_record
TN:
SF:src\redux\actions.js
FN:11,fetchEmployees
FN:15,addEmployee
FN:20,updateEmployee
FN:25,deleteEmployee
FN:30,setEmployeeFilter
FN:35,setCurrentPage
FN:40,setViewMode
FNF:7
FNH:6
FNDA:0,fetchEmployees
FNDA:6,addEmployee
FNDA:2,updateEmployee
FNDA:2,deleteEmployee
FNDA:2,setEmployeeFilter
FNDA:2,setCurrentPage
FNDA:2,setViewMode
DA:1,5
DA:2,5
DA:3,5
DA:4,5
DA:5,5
DA:6,5
DA:7,5
DA:8,5
DA:9,5
DA:10,5
DA:11,5
DA:12,0
DA:13,5
DA:14,5
DA:15,5
DA:16,6
DA:17,6
DA:18,5
DA:19,5
DA:20,5
DA:21,2
DA:22,2
DA:23,5
DA:24,5
DA:25,5
DA:26,2
DA:27,2
DA:28,5
DA:29,5
DA:30,5
DA:31,2
DA:32,2
DA:33,5
DA:34,5
DA:35,5
DA:36,2
DA:37,2
DA:38,5
DA:39,5
DA:40,5
DA:41,2
DA:42,2
DA:43,5
LF:43
LH:42
BRDA:1,0,0,5
BRDA:15,1,0,9
BRDA:20,2,0,5
BRDA:25,3,0,5
BRDA:30,4,0,5
BRDA:35,5,0,5
BRDA:40,6,0,5
BRF:7
BRH:7
end_of_record
TN:
SF:src\redux\reducers.js
FN:3,generateId
FN:155,employeesReducer
FN:238,applyFilter
FNF:3
FNH:3
FNDA:66,generateId
FNDA:21,employeesReducer
FNDA:12,applyFilter
DA:1,5
DA:2,5
DA:3,5
DA:4,66
DA:5,5
DA:6,5
DA:7,5
DA:8,5
DA:9,5
DA:10,5
DA:11,5
DA:12,5
DA:13,5
DA:14,5
DA:15,5
DA:16,5
DA:17,5
DA:18,5
DA:19,5
DA:20,5
DA:21,5
DA:22,5
DA:23,5
DA:24,5
DA:25,5
DA:26,5
DA:27,5
DA:28,5
DA:29,5
DA:30,5
DA:31,5
DA:32,5
DA:33,5
DA:34,5
DA:35,5
DA:36,5
DA:37,5
DA:38,5
DA:39,5
DA:40,5
DA:41,5
DA:42,5
DA:43,5
DA:44,5
DA:45,5
DA:46,5
DA:47,5
DA:48,5
DA:49,5
DA:50,5
DA:51,5
DA:52,5
DA:53,5
DA:54,5
DA:55,5
DA:56,5
DA:57,5
DA:58,5
DA:59,5
DA:60,5
DA:61,5
DA:62,5
DA:63,5
DA:64,5
DA:65,5
DA:66,5
DA:67,5
DA:68,5
DA:69,5
DA:70,5
DA:71,5
DA:72,5
DA:73,5
DA:74,5
DA:75,5
DA:76,5
DA:77,5
DA:78,5
DA:79,5
DA:80,5
DA:81,5
DA:82,5
DA:83,5
DA:84,5
DA:85,5
DA:86,5
DA:87,5
DA:88,5
DA:89,5
DA:90,5
DA:91,5
DA:92,5
DA:93,5
DA:94,5
DA:95,5
DA:96,5
DA:97,5
DA:98,5
DA:99,5
DA:100,5
DA:101,5
DA:102,5
DA:103,5
DA:104,5
DA:105,5
DA:106,5
DA:107,5
DA:108,5
DA:109,5
DA:110,5
DA:111,5
DA:112,5
DA:113,5
DA:114,5
DA:115,5
DA:116,5
DA:117,5
DA:118,5
DA:119,5
DA:120,5
DA:121,5
DA:122,5
DA:123,5
DA:124,5
DA:125,5
DA:126,5
DA:127,5
DA:128,5
DA:129,5
DA:130,5
DA:131,5
DA:132,5
DA:133,5
DA:134,5
DA:135,5
DA:136,5
DA:137,5
DA:138,5
DA:139,5
DA:140,5
DA:141,5
DA:142,5
DA:143,5
DA:144,5
DA:145,5
DA:146,5
DA:147,5
DA:148,5
DA:149,5
DA:150,5
DA:151,5
DA:152,5
DA:153,5
DA:154,5
DA:155,5
DA:156,21
DA:157,21
DA:158,0
DA:159,0
DA:160,0
DA:161,0
DA:162,0
DA:163,0
DA:164,0
DA:165,0
DA:166,0
DA:167,0
DA:168,0
DA:169,0
DA:170,0
DA:171,0
DA:172,0
DA:173,0
DA:174,21
DA:175,21
DA:176,6
DA:177,6
DA:178,6
DA:179,6
DA:180,6
DA:181,6
DA:182,6
DA:183,6
DA:184,6
DA:185,6
DA:186,6
DA:187,21
DA:188,21
DA:189,2
DA:190,26
DA:191,2
DA:192,2
DA:193,2
DA:194,2
DA:195,2
DA:196,2
DA:197,2
DA:198,21
DA:199,21
DA:200,2
DA:201,2
DA:202,2
DA:203,2
DA:204,2
DA:205,2
DA:206,2
DA:207,2
DA:208,2
DA:209,21
DA:210,21
DA:211,2
DA:212,2
DA:213,2
DA:214,2
DA:215,2
DA:216,2
DA:217,2
DA:218,2
DA:219,21
DA:220,21
DA:221,2
DA:222,2
DA:223,2
DA:224,2
DA:225,21
DA:226,21
DA:227,2
DA:228,2
DA:229,2
DA:230,2
DA:231,21
DA:232,21
DA:233,5
DA:234,21
DA:235,5
DA:236,5
DA:237,5
DA:238,5
DA:239,12
DA:240,3
DA:241,3
DA:242,3
DA:243,3
DA:244,40
DA:245,40
DA:246,40
DA:247,40
DA:248,37
DA:249,3
DA:250,5
DA:251,5
DA:252,5
LF:252
LH:236
BRDA:1,0,0,5
BRDA:3,1,0,66
BRDA:155,2,0,21
BRDA:157,3,0,0
BRDA:175,4,0,6
BRDA:188,5,0,2
BRDA:199,6,0,2
BRDA:210,7,0,2
BRDA:220,8,0,2
BRDA:226,9,0,2
BRDA:232,10,0,5
BRDA:189,11,0,26
BRDA:190,12,0,1
BRDA:238,13,0,14
BRDA:240,14,0,5
BRDA:201,15,0,27
BRDA:239,16,0,11
BRDA:243,17,0,42
BRDA:244,18,0,39
BRDA:245,19,0,39
BRDA:246,20,0,39
BRDA:247,21,0,39
BRDA:190,22,0,25
BRF:23
BRH:22
end_of_record
TN:
SF:src\redux\store.js
FNF:0
FNH:0
DA:1,5
DA:2,5
DA:3,5
DA:4,5
DA:5,5
DA:6,5
DA:7,5
LF:7
LH:7
BRDA:1,0,0,5
BRDA:6,1,0,0
BRF:2
BRH:1
end_of_record
TN:
SF:src\utils\constants.js
FNF:0
FNH:0
DA:1,3
DA:2,3
DA:3,3
LF:3
LH:3
BRDA:1,0,0,3
BRF:1
BRH:1
end_of_record
TN:
SF:src\utils\localization.js
FN:6,LocalizationService
FN:14,setLocale
FN:25,translate
FN:34,t
FN:37,LocalizeMixin
FN:39,connectedCallback
FN:42,_languageChangedHandler
FN:46,disconnectedCallback
FN:54,t
FNF:9
FNH:9
FNDA:6,LocalizationService
FNDA:2,setLocale
FNDA:950,translate
FNDA:950,t
FNDA:9,LocalizeMixin
FNDA:33,connectedCallback
FNDA:2,_languageChangedHandler
FNDA:33,disconnectedCallback
FNDA:912,t
DA:1,6
DA:2,6
DA:3,6
DA:4,6
DA:5,6
DA:6,6
DA:7,6
DA:8,6
DA:9,6
DA:10,6
DA:11,6
DA:12,6
DA:13,6
DA:14,6
DA:15,2
DA:16,2
DA:17,2
DA:18,2
DA:19,2
DA:20,2
DA:21,2
DA:22,2
DA:23,2
DA:24,6
DA:25,6
DA:26,950
DA:27,950
DA:28,950
DA:29,6
DA:30,6
DA:31,6
DA:32,6
DA:33,6
DA:34,6
DA:35,6
DA:36,6
DA:37,6
DA:38,9
DA:39,9
DA:40,33
DA:41,33
DA:42,33
DA:43,33
DA:44,33
DA:45,9
DA:46,9
DA:47,33
DA:48,33
DA:49,33
DA:50,33
DA:51,33
DA:52,33
DA:53,9
DA:54,9
DA:55,912
DA:56,912
DA:57,6
LF:57
LH:57
BRDA:1,0,0,6
BRDA:6,1,0,6
BRDA:25,2,0,950
BRDA:27,3,0,0
BRDA:34,4,0,950
BRDA:37,5,0,10
BRDA:39,6,0,34
BRDA:46,7,0,34
BRDA:54,8,0,913
BRDA:14,9,0,7
BRDA:42,10,0,32
BRF:11
BRH:10
end_of_record
TN:
SF:src\utils\validation.js
FN:3,validateRequired
FN:10,validateEmail
FN:23,validatePhone
FN:37,validateDate
FN:62,validateUniqueEmail
FN:81,validateEmployeeForm
FNF:6
FNH:6
FNDA:33,validateRequired
FNDA:12,validateEmail
FNDA:12,validatePhone
FNDA:22,validateDate
FNDA:7,validateUniqueEmail
FNDA:7,validateEmployeeForm
DA:1,4
DA:2,4
DA:3,4
DA:4,33
DA:5,14
DA:6,14
DA:7,19
DA:8,4
DA:9,4
DA:10,4
DA:11,12
DA:12,3
DA:13,3
DA:14,9
DA:15,9
DA:16,12
DA:17,3
DA:18,3
DA:19,6
DA:20,6
DA:21,4
DA:22,4
DA:23,4
DA:24,12
DA:25,4
DA:26,4
DA:27,8
DA:28,8
DA:29,8
DA:30,12
DA:31,1
DA:32,1
DA:33,7
DA:34,7
DA:35,4
DA:36,4
DA:37,4
DA:38,22
DA:39,7
DA:40,7
DA:41,15
DA:42,15
DA:43,15
DA:44,22
DA:45,3
DA:46,3
DA:47,12
DA:48,12
DA:49,12
DA:50,12
DA:51,12
DA:52,12
DA:53,22
DA:54,11
DA:55,22
DA:56,1
DA:57,1
DA:58,11
DA:59,11
DA:60,4
DA:61,4
DA:62,4
DA:63,7
DA:64,7
DA:65,7
DA:66,7
DA:67,7
DA:68,7
DA:69,7
DA:70,7
DA:71,7
DA:72,7
DA:73,7
DA:74,2
DA:75,2
DA:76,5
DA:77,5
DA:78,4
DA:79,4
DA:80,4
DA:81,4
DA:82,7
DA:83,7
DA:84,7
DA:85,7
DA:86,7
DA:87,7
DA:88,7
DA:89,7
DA:90,7
DA:91,7
DA:92,7
DA:93,4
DA:94,4
DA:95,4
DA:96,4
DA:97,4
DA:98,4
DA:99,7
DA:100,7
DA:101,7
DA:102,7
DA:103,7
DA:104,7
DA:105,56
DA:106,7
DA:107,7
DA:108,7
DA:109,4
LF:109
LH:109
BRDA:1,0,0,4
BRDA:3,1,0,35
BRDA:4,2,0,22
BRDA:4,3,0,29
BRDA:10,4,0,14
BRDA:11,5,0,5
BRDA:14,6,0,11
BRDA:16,7,0,12
BRDA:23,8,0,14
BRDA:24,9,0,6
BRDA:27,10,0,10
BRDA:30,11,0,3
BRDA:33,12,0,9
BRDA:37,13,0,24
BRDA:38,14,0,9
BRDA:41,15,0,17
BRDA:44,16,0,5
BRDA:47,17,0,14
BRDA:53,18,0,13
BRDA:55,19,0,3
BRDA:58,20,0,13
BRDA:62,21,0,9
BRDA:67,22,0,2
BRDA:73,23,0,4
BRDA:70,24,0,22
BRDA:70,25,0,22
BRDA:81,26,0,9
BRDA:92,27,0,6
BRDA:96,28,0,4
BRDA:104,29,0,58
BRDA:105,30,0,35
BRDA:4,31,0,16
BRDA:7,32,0,21
BRDA:16,33,0,5
BRDA:19,34,0,8
BRDA:76,35,0,7
BRDA:96,36,0,4
BRF:37
BRH:37
end_of_record
